[2018-03-04 10:58:51] [ERROR] select * from `card` as `card` where `card`.`id` = '1' limit 1
[2018-03-04 10:58:51] [ERROR] Error: Cannot enqueue Query after fatal error.
    at Protocol._validateEnqueue (/Users/zening/Desktop/card_server/node_modules/mysql/lib/protocol/Protocol.js:201:16)
    at Protocol._enqueue (/Users/zening/Desktop/card_server/node_modules/mysql/lib/protocol/Protocol.js:139:13)
    at PoolConnection.query (/Users/zening/Desktop/card_server/node_modules/mysql/lib/Connection.js:208:25)
    at /Users/zening/Desktop/card_server/node_modules/think_lib/index.js:572:16
    at Promise._execute (/Users/zening/Desktop/card_server/node_modules/bluebird/js/release/debuggability.js:303:9)
    at Promise._resolveFromExecutor (/Users/zening/Desktop/card_server/node_modules/bluebird/js/release/promise.js:483:18)
    at new Promise (/Users/zening/Desktop/card_server/node_modules/bluebird/js/release/promise.js:79:10)
    at /Users/zening/Desktop/card_server/node_modules/think_lib/index.js:571:16
    at connect.then.conn (/Users/zening/Desktop/card_server/node_modules/thinkorm_adapter_mysql/lib/index.js:142:20)
    at tryCatcher (/Users/zening/Desktop/card_server/node_modules/bluebird/js/release/util.js:16:23)
    at Promise._settlePromiseFromHandler (/Users/zening/Desktop/card_server/node_modules/bluebird/js/release/promise.js:512:31)
    at Promise._settlePromise (/Users/zening/Desktop/card_server/node_modules/bluebird/js/release/promise.js:569:18)
    at Promise._settlePromiseCtx (/Users/zening/Desktop/card_server/node_modules/bluebird/js/release/promise.js:606:10)
    at Async._drainQueue (/Users/zening/Desktop/card_server/node_modules/bluebird/js/release/async.js:138:12)
    at Async._drainQueues (/Users/zening/Desktop/card_server/node_modules/bluebird/js/release/async.js:143:10)
    at Immediate.Async.drainQueues [as _onImmediate] (/Users/zening/Desktop/card_server/node_modules/bluebird/js/release/async.js:17:14)
    at runCallback (timers.js:789:20)
    at tryOnImmediate (timers.js:751:5)
    at processImmediate [as _immediateCallback] (timers.js:722:5)
[2018-03-04 10:58:51] [ERROR] Error: Cannot enqueue Query after fatal error.
    at Protocol._validateEnqueue (/Users/zening/Desktop/card_server/node_modules/mysql/lib/protocol/Protocol.js:201:16)
    at Protocol._enqueue (/Users/zening/Desktop/card_server/node_modules/mysql/lib/protocol/Protocol.js:139:13)
    at PoolConnection.query (/Users/zening/Desktop/card_server/node_modules/mysql/lib/Connection.js:208:25)
    at /Users/zening/Desktop/card_server/node_modules/think_lib/index.js:572:16
    at Promise._execute (/Users/zening/Desktop/card_server/node_modules/bluebird/js/release/debuggability.js:303:9)
    at Promise._resolveFromExecutor (/Users/zening/Desktop/card_server/node_modules/bluebird/js/release/promise.js:483:18)
    at new Promise (/Users/zening/Desktop/card_server/node_modules/bluebird/js/release/promise.js:79:10)
    at /Users/zening/Desktop/card_server/node_modules/think_lib/index.js:571:16
    at connect.then.conn (/Users/zening/Desktop/card_server/node_modules/thinkorm_adapter_mysql/lib/index.js:142:20)
    at tryCatcher (/Users/zening/Desktop/card_server/node_modules/bluebird/js/release/util.js:16:23)
    at Promise._settlePromiseFromHandler (/Users/zening/Desktop/card_server/node_modules/bluebird/js/release/promise.js:512:31)
    at Promise._settlePromise (/Users/zening/Desktop/card_server/node_modules/bluebird/js/release/promise.js:569:18)
    at Promise._settlePromiseCtx (/Users/zening/Desktop/card_server/node_modules/bluebird/js/release/promise.js:606:10)
    at Async._drainQueue (/Users/zening/Desktop/card_server/node_modules/bluebird/js/release/async.js:138:12)
    at Async._drainQueues (/Users/zening/Desktop/card_server/node_modules/bluebird/js/release/async.js:143:10)
    at Immediate.Async.drainQueues [as _onImmediate] (/Users/zening/Desktop/card_server/node_modules/bluebird/js/release/async.js:17:14)
    at runCallback (timers.js:789:20)
    at tryOnImmediate (timers.js:751:5)
    at processImmediate [as _immediateCallback] (timers.js:722:5)
[2018-03-04 10:58:51] [ERROR]  GET  500  /card/getList  31ms
[2018-03-04 10:59:22] [ERROR] RequestTimeoutError: Request Timeout
    at Promise (/Users/zening/Desktop/card_server/node_modules/think_trace/index.js:63:50)
    at Promise._execute (/Users/zening/Desktop/card_server/node_modules/bluebird/js/release/debuggability.js:303:9)
    at Promise._resolveFromExecutor (/Users/zening/Desktop/card_server/node_modules/bluebird/js/release/promise.js:483:18)
    at new Promise (/Users/zening/Desktop/card_server/node_modules/bluebird/js/release/promise.js:79:10)
    at timer (/Users/zening/Desktop/card_server/node_modules/think_trace/index.js:61:12)
    at /Users/zening/Desktop/card_server/node_modules/think_trace/index.js:112:33
    at dispatch (/Users/zening/Desktop/card_server/node_modules/koa-compose/index.js:42:32)
    at /Users/zening/Desktop/card_server/node_modules/koa-compose/index.js:34:12
    at ThinkKoa.handleRequest (/Users/zening/Desktop/card_server/node_modules/koa/lib/application.js:150:12)
    at Server.handleRequest (/Users/zening/Desktop/card_server/node_modules/koa/lib/application.js:132:19)
    at emitTwo (events.js:126:13)
    at Server.emit (events.js:214:7)
    at parserOnIncoming (_http_server.js:602:12)
    at HTTPParser.parserOnHeadersComplete (_http_common.js:116:23)
[2018-03-04 10:59:22] [ERROR]  GET  408  /public/wxLogin  30009ms
[2018-03-04 10:59:32] [ERROR] select * from `user` as `user` where `user`.`nickname` = '刘泽宁' limit 1
[2018-03-04 10:59:32] [ERROR] Error: Handshake inactivity timeout
    at Handshake.<anonymous> (/Users/zening/Desktop/card_server/node_modules/mysql/lib/protocol/Protocol.js:164:17)
    at emitNone (events.js:106:13)
    at Handshake.emit (events.js:208:7)
    at Handshake._onTimeout (/Users/zening/Desktop/card_server/node_modules/mysql/lib/protocol/sequences/Sequence.js:129:8)
    at ontimeout (timers.js:475:11)
    at tryOnTimeout (timers.js:310:5)
    at Timer.listOnTimeout (timers.js:270:5)
    --------------------
    at Protocol._enqueue (/Users/zening/Desktop/card_server/node_modules/mysql/lib/protocol/Protocol.js:145:48)
    at Protocol.handshake (/Users/zening/Desktop/card_server/node_modules/mysql/lib/protocol/Protocol.js:52:23)
    at PoolConnection.connect (/Users/zening/Desktop/card_server/node_modules/mysql/lib/Connection.js:130:18)
    at Pool.getConnection (/Users/zening/Desktop/card_server/node_modules/mysql/lib/Pool.js:48:16)
    at /Users/zening/Desktop/card_server/node_modules/think_lib/index.js:572:16
    at Promise._execute (/Users/zening/Desktop/card_server/node_modules/bluebird/js/release/debuggability.js:303:9)
    at Promise._resolveFromExecutor (/Users/zening/Desktop/card_server/node_modules/bluebird/js/release/promise.js:483:18)
    at new Promise (/Users/zening/Desktop/card_server/node_modules/bluebird/js/release/promise.js:79:10)
    at /Users/zening/Desktop/card_server/node_modules/think_lib/index.js:571:16
    at module.exports.connect (/Users/zening/Desktop/card_server/node_modules/thinkorm_adapter_mysql/lib/socket.js:46:20)
    at fn.then.catch.err (/Users/zening/Desktop/card_server/node_modules/thinkorm_adapter_mysql/lib/socket.js:58:33)
    at tryCatcher (/Users/zening/Desktop/card_server/node_modules/bluebird/js/release/util.js:16:23)
    at Promise._settlePromiseFromHandler (/Users/zening/Desktop/card_server/node_modules/bluebird/js/release/promise.js:512:31)
    at Promise._settlePromise (/Users/zening/Desktop/card_server/node_modules/bluebird/js/release/promise.js:569:18)
    at Promise._settlePromise0 (/Users/zening/Desktop/card_server/node_modules/bluebird/js/release/promise.js:614:10)
    at Promise._settlePromises (/Users/zening/Desktop/card_server/node_modules/bluebird/js/release/promise.js:689:18)
    at Async._drainQueue (/Users/zening/Desktop/card_server/node_modules/bluebird/js/release/async.js:133:16)
    at Async._drainQueues (/Users/zening/Desktop/card_server/node_modules/bluebird/js/release/async.js:143:10)
    at Immediate.Async.drainQueues [as _onImmediate] (/Users/zening/Desktop/card_server/node_modules/bluebird/js/release/async.js:17:14)
    at runCallback (timers.js:789:20)
    at tryOnImmediate (timers.js:751:5)
    at processImmediate [as _immediateCallback] (timers.js:722:5)
[2018-03-04 11:14:09] [ERROR] RequestTimeoutError: Request Timeout
    at Promise (/Users/zening/Desktop/card_server/node_modules/think_trace/index.js:63:50)
    at Promise._execute (/Users/zening/Desktop/card_server/node_modules/bluebird/js/release/debuggability.js:303:9)
    at Promise._resolveFromExecutor (/Users/zening/Desktop/card_server/node_modules/bluebird/js/release/promise.js:483:18)
    at new Promise (/Users/zening/Desktop/card_server/node_modules/bluebird/js/release/promise.js:79:10)
    at timer (/Users/zening/Desktop/card_server/node_modules/think_trace/index.js:61:12)
    at /Users/zening/Desktop/card_server/node_modules/think_trace/index.js:112:33
    at dispatch (/Users/zening/Desktop/card_server/node_modules/koa-compose/index.js:42:32)
    at /Users/zening/Desktop/card_server/node_modules/koa-compose/index.js:34:12
    at ThinkKoa.handleRequest (/Users/zening/Desktop/card_server/node_modules/koa/lib/application.js:150:12)
    at Server.handleRequest (/Users/zening/Desktop/card_server/node_modules/koa/lib/application.js:132:19)
    at emitTwo (events.js:126:13)
    at Server.emit (events.js:214:7)
    at parserOnIncoming (_http_server.js:602:12)
    at HTTPParser.parserOnHeadersComplete (_http_common.js:116:23)
[2018-03-04 11:14:09] [ERROR]  GET  408  /card/getList  30021ms
[2018-03-04 11:14:09] [ERROR] RequestTimeoutError: Request Timeout
    at Promise (/Users/zening/Desktop/card_server/node_modules/think_trace/index.js:63:50)
    at Promise._execute (/Users/zening/Desktop/card_server/node_modules/bluebird/js/release/debuggability.js:303:9)
    at Promise._resolveFromExecutor (/Users/zening/Desktop/card_server/node_modules/bluebird/js/release/promise.js:483:18)
    at new Promise (/Users/zening/Desktop/card_server/node_modules/bluebird/js/release/promise.js:79:10)
    at timer (/Users/zening/Desktop/card_server/node_modules/think_trace/index.js:61:12)
    at /Users/zening/Desktop/card_server/node_modules/think_trace/index.js:112:33
    at dispatch (/Users/zening/Desktop/card_server/node_modules/koa-compose/index.js:42:32)
    at /Users/zening/Desktop/card_server/node_modules/koa-compose/index.js:34:12
    at ThinkKoa.handleRequest (/Users/zening/Desktop/card_server/node_modules/koa/lib/application.js:150:12)
    at Server.handleRequest (/Users/zening/Desktop/card_server/node_modules/koa/lib/application.js:132:19)
    at emitTwo (events.js:126:13)
    at Server.emit (events.js:214:7)
    at parserOnIncoming (_http_server.js:602:12)
    at HTTPParser.parserOnHeadersComplete (_http_common.js:116:23)
[2018-03-04 11:14:09] [ERROR]  GET  408  /public/wxLogin  30011ms
[2018-03-04 11:14:19] [ERROR] select * from `card` as `card` where `card`.`id` = '1' limit 1
[2018-03-04 11:14:19] [ERROR] select * from `user` as `user` where `user`.`nickname` = '刘泽宁' limit 1
[2018-03-04 11:14:19] [ERROR] Error: Handshake inactivity timeout
    at Handshake.<anonymous> (/Users/zening/Desktop/card_server/node_modules/mysql/lib/protocol/Protocol.js:164:17)
    at emitNone (events.js:106:13)
    at Handshake.emit (events.js:208:7)
    at Handshake._onTimeout (/Users/zening/Desktop/card_server/node_modules/mysql/lib/protocol/sequences/Sequence.js:129:8)
    at ontimeout (timers.js:475:11)
    at tryOnTimeout (timers.js:310:5)
    at Timer.listOnTimeout (timers.js:270:5)
    --------------------
    at Protocol._enqueue (/Users/zening/Desktop/card_server/node_modules/mysql/lib/protocol/Protocol.js:145:48)
    at Protocol.handshake (/Users/zening/Desktop/card_server/node_modules/mysql/lib/protocol/Protocol.js:52:23)
    at PoolConnection.connect (/Users/zening/Desktop/card_server/node_modules/mysql/lib/Connection.js:130:18)
    at Pool.getConnection (/Users/zening/Desktop/card_server/node_modules/mysql/lib/Pool.js:48:16)
    at /Users/zening/Desktop/card_server/node_modules/think_lib/index.js:572:16
    at Promise._execute (/Users/zening/Desktop/card_server/node_modules/bluebird/js/release/debuggability.js:303:9)
    at Promise._resolveFromExecutor (/Users/zening/Desktop/card_server/node_modules/bluebird/js/release/promise.js:483:18)
    at new Promise (/Users/zening/Desktop/card_server/node_modules/bluebird/js/release/promise.js:79:10)
    at /Users/zening/Desktop/card_server/node_modules/think_lib/index.js:571:16
    at module.exports.connect (/Users/zening/Desktop/card_server/node_modules/thinkorm_adapter_mysql/lib/socket.js:46:20)
    at fn.then.catch.err (/Users/zening/Desktop/card_server/node_modules/thinkorm_adapter_mysql/lib/socket.js:58:33)
    at tryCatcher (/Users/zening/Desktop/card_server/node_modules/bluebird/js/release/util.js:16:23)
    at Promise._settlePromiseFromHandler (/Users/zening/Desktop/card_server/node_modules/bluebird/js/release/promise.js:512:31)
    at Promise._settlePromise (/Users/zening/Desktop/card_server/node_modules/bluebird/js/release/promise.js:569:18)
    at Promise._settlePromise0 (/Users/zening/Desktop/card_server/node_modules/bluebird/js/release/promise.js:614:10)
    at Promise._settlePromises (/Users/zening/Desktop/card_server/node_modules/bluebird/js/release/promise.js:689:18)
    at Async._drainQueue (/Users/zening/Desktop/card_server/node_modules/bluebird/js/release/async.js:133:16)
    at Async._drainQueues (/Users/zening/Desktop/card_server/node_modules/bluebird/js/release/async.js:143:10)
    at Immediate.Async.drainQueues [as _onImmediate] (/Users/zening/Desktop/card_server/node_modules/bluebird/js/release/async.js:17:14)
    at runCallback (timers.js:789:20)
    at tryOnImmediate (timers.js:751:5)
    at processImmediate [as _immediateCallback] (timers.js:722:5)
[2018-03-04 11:14:19] [ERROR] Error: Handshake inactivity timeout
    at Handshake.<anonymous> (/Users/zening/Desktop/card_server/node_modules/mysql/lib/protocol/Protocol.js:164:17)
    at emitNone (events.js:106:13)
    at Handshake.emit (events.js:208:7)
    at Handshake._onTimeout (/Users/zening/Desktop/card_server/node_modules/mysql/lib/protocol/sequences/Sequence.js:129:8)
    at ontimeout (timers.js:475:11)
    at tryOnTimeout (timers.js:310:5)
    at Timer.listOnTimeout (timers.js:270:5)
    --------------------
    at Protocol._enqueue (/Users/zening/Desktop/card_server/node_modules/mysql/lib/protocol/Protocol.js:145:48)
    at Protocol.handshake (/Users/zening/Desktop/card_server/node_modules/mysql/lib/protocol/Protocol.js:52:23)
    at PoolConnection.connect (/Users/zening/Desktop/card_server/node_modules/mysql/lib/Connection.js:130:18)
    at Pool.getConnection (/Users/zening/Desktop/card_server/node_modules/mysql/lib/Pool.js:48:16)
    at /Users/zening/Desktop/card_server/node_modules/think_lib/index.js:572:16
    at Promise._execute (/Users/zening/Desktop/card_server/node_modules/bluebird/js/release/debuggability.js:303:9)
    at Promise._resolveFromExecutor (/Users/zening/Desktop/card_server/node_modules/bluebird/js/release/promise.js:483:18)
    at new Promise (/Users/zening/Desktop/card_server/node_modules/bluebird/js/release/promise.js:79:10)
    at /Users/zening/Desktop/card_server/node_modules/think_lib/index.js:571:16
    at module.exports.connect (/Users/zening/Desktop/card_server/node_modules/thinkorm_adapter_mysql/lib/socket.js:46:20)
    at fn.then.catch.err (/Users/zening/Desktop/card_server/node_modules/thinkorm_adapter_mysql/lib/socket.js:58:33)
    at tryCatcher (/Users/zening/Desktop/card_server/node_modules/bluebird/js/release/util.js:16:23)
    at Promise._settlePromiseFromHandler (/Users/zening/Desktop/card_server/node_modules/bluebird/js/release/promise.js:512:31)
    at Promise._settlePromise (/Users/zening/Desktop/card_server/node_modules/bluebird/js/release/promise.js:569:18)
    at Promise._settlePromise0 (/Users/zening/Desktop/card_server/node_modules/bluebird/js/release/promise.js:614:10)
    at Promise._settlePromises (/Users/zening/Desktop/card_server/node_modules/bluebird/js/release/promise.js:689:18)
    at Async._drainQueue (/Users/zening/Desktop/card_server/node_modules/bluebird/js/release/async.js:133:16)
    at Async._drainQueues (/Users/zening/Desktop/card_server/node_modules/bluebird/js/release/async.js:143:10)
    at Immediate.Async.drainQueues [as _onImmediate] (/Users/zening/Desktop/card_server/node_modules/bluebird/js/release/async.js:17:14)
    at runCallback (timers.js:789:20)
    at tryOnImmediate (timers.js:751:5)
    at processImmediate [as _immediateCallback] (timers.js:722:5)
[2018-03-04 11:20:14] [ERROR] RequestTimeoutError: Request Timeout
    at Promise (/Users/zening/Desktop/card_server/node_modules/think_trace/index.js:63:50)
    at Promise._execute (/Users/zening/Desktop/card_server/node_modules/bluebird/js/release/debuggability.js:303:9)
    at Promise._resolveFromExecutor (/Users/zening/Desktop/card_server/node_modules/bluebird/js/release/promise.js:483:18)
    at new Promise (/Users/zening/Desktop/card_server/node_modules/bluebird/js/release/promise.js:79:10)
    at timer (/Users/zening/Desktop/card_server/node_modules/think_trace/index.js:61:12)
    at /Users/zening/Desktop/card_server/node_modules/think_trace/index.js:112:33
    at dispatch (/Users/zening/Desktop/card_server/node_modules/koa-compose/index.js:42:32)
    at /Users/zening/Desktop/card_server/node_modules/koa-compose/index.js:34:12
    at ThinkKoa.handleRequest (/Users/zening/Desktop/card_server/node_modules/koa/lib/application.js:150:12)
    at Server.handleRequest (/Users/zening/Desktop/card_server/node_modules/koa/lib/application.js:132:19)
    at emitTwo (events.js:126:13)
    at Server.emit (events.js:214:7)
    at parserOnIncoming (_http_server.js:602:12)
    at HTTPParser.parserOnHeadersComplete (_http_common.js:116:23)
[2018-03-04 11:20:14] [ERROR]  GET  408  /card/getList  30020ms
[2018-03-04 11:20:14] [ERROR] RequestTimeoutError: Request Timeout
    at Promise (/Users/zening/Desktop/card_server/node_modules/think_trace/index.js:63:50)
    at Promise._execute (/Users/zening/Desktop/card_server/node_modules/bluebird/js/release/debuggability.js:303:9)
    at Promise._resolveFromExecutor (/Users/zening/Desktop/card_server/node_modules/bluebird/js/release/promise.js:483:18)
    at new Promise (/Users/zening/Desktop/card_server/node_modules/bluebird/js/release/promise.js:79:10)
    at timer (/Users/zening/Desktop/card_server/node_modules/think_trace/index.js:61:12)
    at /Users/zening/Desktop/card_server/node_modules/think_trace/index.js:112:33
    at dispatch (/Users/zening/Desktop/card_server/node_modules/koa-compose/index.js:42:32)
    at /Users/zening/Desktop/card_server/node_modules/koa-compose/index.js:34:12
    at ThinkKoa.handleRequest (/Users/zening/Desktop/card_server/node_modules/koa/lib/application.js:150:12)
    at Server.handleRequest (/Users/zening/Desktop/card_server/node_modules/koa/lib/application.js:132:19)
    at emitTwo (events.js:126:13)
    at Server.emit (events.js:214:7)
    at parserOnIncoming (_http_server.js:602:12)
    at HTTPParser.parserOnHeadersComplete (_http_common.js:116:23)
[2018-03-04 11:20:14] [ERROR]  GET  408  /public/wxLogin  30007ms
[2018-03-04 11:20:24] [ERROR] select * from `card` as `card` where `card`.`id` = '1' limit 1
[2018-03-04 11:20:24] [ERROR] select * from `user` as `user` where `user`.`nickname` = '刘泽宁' limit 1
[2018-03-04 11:20:24] [ERROR] Error: Handshake inactivity timeout
    at Handshake.<anonymous> (/Users/zening/Desktop/card_server/node_modules/mysql/lib/protocol/Protocol.js:164:17)
    at emitNone (events.js:106:13)
    at Handshake.emit (events.js:208:7)
    at Handshake._onTimeout (/Users/zening/Desktop/card_server/node_modules/mysql/lib/protocol/sequences/Sequence.js:129:8)
    at ontimeout (timers.js:475:11)
    at tryOnTimeout (timers.js:310:5)
    at Timer.listOnTimeout (timers.js:270:5)
    --------------------
    at Protocol._enqueue (/Users/zening/Desktop/card_server/node_modules/mysql/lib/protocol/Protocol.js:145:48)
    at Protocol.handshake (/Users/zening/Desktop/card_server/node_modules/mysql/lib/protocol/Protocol.js:52:23)
    at PoolConnection.connect (/Users/zening/Desktop/card_server/node_modules/mysql/lib/Connection.js:130:18)
    at Pool.getConnection (/Users/zening/Desktop/card_server/node_modules/mysql/lib/Pool.js:48:16)
    at /Users/zening/Desktop/card_server/node_modules/think_lib/index.js:572:16
    at Promise._execute (/Users/zening/Desktop/card_server/node_modules/bluebird/js/release/debuggability.js:303:9)
    at Promise._resolveFromExecutor (/Users/zening/Desktop/card_server/node_modules/bluebird/js/release/promise.js:483:18)
    at new Promise (/Users/zening/Desktop/card_server/node_modules/bluebird/js/release/promise.js:79:10)
    at /Users/zening/Desktop/card_server/node_modules/think_lib/index.js:571:16
    at module.exports.connect (/Users/zening/Desktop/card_server/node_modules/thinkorm_adapter_mysql/lib/socket.js:46:20)
    at fn.then.catch.err (/Users/zening/Desktop/card_server/node_modules/thinkorm_adapter_mysql/lib/socket.js:58:33)
    at tryCatcher (/Users/zening/Desktop/card_server/node_modules/bluebird/js/release/util.js:16:23)
    at Promise._settlePromiseFromHandler (/Users/zening/Desktop/card_server/node_modules/bluebird/js/release/promise.js:512:31)
    at Promise._settlePromise (/Users/zening/Desktop/card_server/node_modules/bluebird/js/release/promise.js:569:18)
    at Promise._settlePromise0 (/Users/zening/Desktop/card_server/node_modules/bluebird/js/release/promise.js:614:10)
    at Promise._settlePromises (/Users/zening/Desktop/card_server/node_modules/bluebird/js/release/promise.js:689:18)
    at Async._drainQueue (/Users/zening/Desktop/card_server/node_modules/bluebird/js/release/async.js:133:16)
    at Async._drainQueues (/Users/zening/Desktop/card_server/node_modules/bluebird/js/release/async.js:143:10)
    at Immediate.Async.drainQueues [as _onImmediate] (/Users/zening/Desktop/card_server/node_modules/bluebird/js/release/async.js:17:14)
    at runCallback (timers.js:789:20)
    at tryOnImmediate (timers.js:751:5)
    at processImmediate [as _immediateCallback] (timers.js:722:5)
[2018-03-04 11:20:24] [ERROR] Error: Handshake inactivity timeout
    at Handshake.<anonymous> (/Users/zening/Desktop/card_server/node_modules/mysql/lib/protocol/Protocol.js:164:17)
    at emitNone (events.js:106:13)
    at Handshake.emit (events.js:208:7)
    at Handshake._onTimeout (/Users/zening/Desktop/card_server/node_modules/mysql/lib/protocol/sequences/Sequence.js:129:8)
    at ontimeout (timers.js:475:11)
    at tryOnTimeout (timers.js:310:5)
    at Timer.listOnTimeout (timers.js:270:5)
    --------------------
    at Protocol._enqueue (/Users/zening/Desktop/card_server/node_modules/mysql/lib/protocol/Protocol.js:145:48)
    at Protocol.handshake (/Users/zening/Desktop/card_server/node_modules/mysql/lib/protocol/Protocol.js:52:23)
    at PoolConnection.connect (/Users/zening/Desktop/card_server/node_modules/mysql/lib/Connection.js:130:18)
    at Pool.getConnection (/Users/zening/Desktop/card_server/node_modules/mysql/lib/Pool.js:48:16)
    at /Users/zening/Desktop/card_server/node_modules/think_lib/index.js:572:16
    at Promise._execute (/Users/zening/Desktop/card_server/node_modules/bluebird/js/release/debuggability.js:303:9)
    at Promise._resolveFromExecutor (/Users/zening/Desktop/card_server/node_modules/bluebird/js/release/promise.js:483:18)
    at new Promise (/Users/zening/Desktop/card_server/node_modules/bluebird/js/release/promise.js:79:10)
    at /Users/zening/Desktop/card_server/node_modules/think_lib/index.js:571:16
    at module.exports.connect (/Users/zening/Desktop/card_server/node_modules/thinkorm_adapter_mysql/lib/socket.js:46:20)
    at fn.then.catch.err (/Users/zening/Desktop/card_server/node_modules/thinkorm_adapter_mysql/lib/socket.js:58:33)
    at tryCatcher (/Users/zening/Desktop/card_server/node_modules/bluebird/js/release/util.js:16:23)
    at Promise._settlePromiseFromHandler (/Users/zening/Desktop/card_server/node_modules/bluebird/js/release/promise.js:512:31)
    at Promise._settlePromise (/Users/zening/Desktop/card_server/node_modules/bluebird/js/release/promise.js:569:18)
    at Promise._settlePromise0 (/Users/zening/Desktop/card_server/node_modules/bluebird/js/release/promise.js:614:10)
    at Promise._settlePromises (/Users/zening/Desktop/card_server/node_modules/bluebird/js/release/promise.js:689:18)
    at Async._drainQueue (/Users/zening/Desktop/card_server/node_modules/bluebird/js/release/async.js:133:16)
    at Async._drainQueues (/Users/zening/Desktop/card_server/node_modules/bluebird/js/release/async.js:143:10)
    at Immediate.Async.drainQueues [as _onImmediate] (/Users/zening/Desktop/card_server/node_modules/bluebird/js/release/async.js:17:14)
    at runCallback (timers.js:789:20)
    at tryOnImmediate (timers.js:751:5)
    at processImmediate [as _immediateCallback] (timers.js:722:5)
[2018-03-04 12:34:32] [ERROR] RequestTimeoutError: Request Timeout
    at Promise (/Users/zening/Desktop/card_server/node_modules/think_trace/index.js:63:50)
    at Promise._execute (/Users/zening/Desktop/card_server/node_modules/bluebird/js/release/debuggability.js:303:9)
    at Promise._resolveFromExecutor (/Users/zening/Desktop/card_server/node_modules/bluebird/js/release/promise.js:483:18)
    at new Promise (/Users/zening/Desktop/card_server/node_modules/bluebird/js/release/promise.js:79:10)
    at timer (/Users/zening/Desktop/card_server/node_modules/think_trace/index.js:61:12)
    at /Users/zening/Desktop/card_server/node_modules/think_trace/index.js:112:33
    at dispatch (/Users/zening/Desktop/card_server/node_modules/koa-compose/index.js:42:32)
    at /Users/zening/Desktop/card_server/node_modules/koa-compose/index.js:34:12
    at ThinkKoa.handleRequest (/Users/zening/Desktop/card_server/node_modules/koa/lib/application.js:150:12)
    at Server.handleRequest (/Users/zening/Desktop/card_server/node_modules/koa/lib/application.js:132:19)
    at emitTwo (events.js:126:13)
    at Server.emit (events.js:214:7)
    at parserOnIncoming (_http_server.js:602:12)
    at HTTPParser.parserOnHeadersComplete (_http_common.js:116:23)
[2018-03-04 12:34:42] [ERROR] select * from `card` as `card` where `card`.`openid` = 'oWUuo5SrfcpShL6aQuVl6ocyWFdY'
[2018-03-04 12:34:42] [ERROR] Error: Handshake inactivity timeout
    at Handshake.<anonymous> (/Users/zening/Desktop/card_server/node_modules/mysql/lib/protocol/Protocol.js:164:17)
    at emitNone (events.js:106:13)
    at Handshake.emit (events.js:208:7)
    at Handshake._onTimeout (/Users/zening/Desktop/card_server/node_modules/mysql/lib/protocol/sequences/Sequence.js:129:8)
    at ontimeout (timers.js:475:11)
    at tryOnTimeout (timers.js:310:5)
    at Timer.listOnTimeout (timers.js:270:5)
    --------------------
    at Protocol._enqueue (/Users/zening/Desktop/card_server/node_modules/mysql/lib/protocol/Protocol.js:145:48)
    at Protocol.handshake (/Users/zening/Desktop/card_server/node_modules/mysql/lib/protocol/Protocol.js:52:23)
    at PoolConnection.connect (/Users/zening/Desktop/card_server/node_modules/mysql/lib/Connection.js:130:18)
    at Pool.getConnection (/Users/zening/Desktop/card_server/node_modules/mysql/lib/Pool.js:48:16)
    at /Users/zening/Desktop/card_server/node_modules/think_lib/index.js:572:16
    at Promise._execute (/Users/zening/Desktop/card_server/node_modules/bluebird/js/release/debuggability.js:303:9)
    at Promise._resolveFromExecutor (/Users/zening/Desktop/card_server/node_modules/bluebird/js/release/promise.js:483:18)
    at new Promise (/Users/zening/Desktop/card_server/node_modules/bluebird/js/release/promise.js:79:10)
    at /Users/zening/Desktop/card_server/node_modules/think_lib/index.js:571:16
    at module.exports.connect (/Users/zening/Desktop/card_server/node_modules/thinkorm_adapter_mysql/lib/socket.js:46:20)
    at fn.then.catch.err (/Users/zening/Desktop/card_server/node_modules/thinkorm_adapter_mysql/lib/socket.js:58:33)
    at tryCatcher (/Users/zening/Desktop/card_server/node_modules/bluebird/js/release/util.js:16:23)
    at Promise._settlePromiseFromHandler (/Users/zening/Desktop/card_server/node_modules/bluebird/js/release/promise.js:512:31)
    at Promise._settlePromise (/Users/zening/Desktop/card_server/node_modules/bluebird/js/release/promise.js:569:18)
    at Promise._settlePromise0 (/Users/zening/Desktop/card_server/node_modules/bluebird/js/release/promise.js:614:10)
    at Promise._settlePromises (/Users/zening/Desktop/card_server/node_modules/bluebird/js/release/promise.js:689:18)
    at Async._drainQueue (/Users/zening/Desktop/card_server/node_modules/bluebird/js/release/async.js:133:16)
    at Async._drainQueues (/Users/zening/Desktop/card_server/node_modules/bluebird/js/release/async.js:143:10)
    at Immediate.Async.drainQueues [as _onImmediate] (/Users/zening/Desktop/card_server/node_modules/bluebird/js/release/async.js:17:14)
    at runCallback (timers.js:789:20)
    at tryOnImmediate (timers.js:751:5)
    at processImmediate [as _immediateCallback] (timers.js:722:5)
[2018-03-04 12:35:43] [ERROR] RequestTimeoutError: Request Timeout
    at Promise (/Users/zening/Desktop/card_server/node_modules/think_trace/index.js:63:50)
    at Promise._execute (/Users/zening/Desktop/card_server/node_modules/bluebird/js/release/debuggability.js:303:9)
    at Promise._resolveFromExecutor (/Users/zening/Desktop/card_server/node_modules/bluebird/js/release/promise.js:483:18)
    at new Promise (/Users/zening/Desktop/card_server/node_modules/bluebird/js/release/promise.js:79:10)
    at timer (/Users/zening/Desktop/card_server/node_modules/think_trace/index.js:61:12)
    at /Users/zening/Desktop/card_server/node_modules/think_trace/index.js:112:33
    at dispatch (/Users/zening/Desktop/card_server/node_modules/koa-compose/index.js:42:32)
    at /Users/zening/Desktop/card_server/node_modules/koa-compose/index.js:34:12
    at ThinkKoa.handleRequest (/Users/zening/Desktop/card_server/node_modules/koa/lib/application.js:150:12)
    at Server.handleRequest (/Users/zening/Desktop/card_server/node_modules/koa/lib/application.js:132:19)
    at emitTwo (events.js:126:13)
    at Server.emit (events.js:214:7)
    at parserOnIncoming (_http_server.js:602:12)
    at HTTPParser.parserOnHeadersComplete (_http_common.js:116:23)
[2018-03-04 12:35:43] [ERROR]  GET  408  /card/getList  30010ms
[2018-03-04 12:35:45] [ERROR] RequestTimeoutError: Request Timeout
    at Promise (/Users/zening/Desktop/card_server/node_modules/think_trace/index.js:63:50)
    at Promise._execute (/Users/zening/Desktop/card_server/node_modules/bluebird/js/release/debuggability.js:303:9)
    at Promise._resolveFromExecutor (/Users/zening/Desktop/card_server/node_modules/bluebird/js/release/promise.js:483:18)
    at new Promise (/Users/zening/Desktop/card_server/node_modules/bluebird/js/release/promise.js:79:10)
    at timer (/Users/zening/Desktop/card_server/node_modules/think_trace/index.js:61:12)
    at /Users/zening/Desktop/card_server/node_modules/think_trace/index.js:112:33
    at dispatch (/Users/zening/Desktop/card_server/node_modules/koa-compose/index.js:42:32)
    at /Users/zening/Desktop/card_server/node_modules/koa-compose/index.js:34:12
    at ThinkKoa.handleRequest (/Users/zening/Desktop/card_server/node_modules/koa/lib/application.js:150:12)
    at Server.handleRequest (/Users/zening/Desktop/card_server/node_modules/koa/lib/application.js:132:19)
    at emitTwo (events.js:126:13)
    at Server.emit (events.js:214:7)
    at parserOnIncoming (_http_server.js:602:12)
    at HTTPParser.parserOnHeadersComplete (_http_common.js:116:23)
[2018-03-04 12:35:45] [ERROR]  GET  408  /public/wxLogin  30005ms
[2018-03-04 12:35:53] [ERROR] select * from `card` as `card` where `card`.`id` = '1' limit 1
[2018-03-04 12:35:53] [ERROR] select * from `user` as `user` where `user`.`nickname` = '刘泽宁' limit 1
[2018-03-04 12:35:53] [ERROR] Error: Handshake inactivity timeout
    at Handshake.<anonymous> (/Users/zening/Desktop/card_server/node_modules/mysql/lib/protocol/Protocol.js:164:17)
    at emitNone (events.js:106:13)
    at Handshake.emit (events.js:208:7)
    at Handshake._onTimeout (/Users/zening/Desktop/card_server/node_modules/mysql/lib/protocol/sequences/Sequence.js:129:8)
    at ontimeout (timers.js:475:11)
    at tryOnTimeout (timers.js:310:5)
    at Timer.listOnTimeout (timers.js:270:5)
    --------------------
    at Protocol._enqueue (/Users/zening/Desktop/card_server/node_modules/mysql/lib/protocol/Protocol.js:145:48)
    at Protocol.handshake (/Users/zening/Desktop/card_server/node_modules/mysql/lib/protocol/Protocol.js:52:23)
    at PoolConnection.connect (/Users/zening/Desktop/card_server/node_modules/mysql/lib/Connection.js:130:18)
    at Pool.getConnection (/Users/zening/Desktop/card_server/node_modules/mysql/lib/Pool.js:48:16)
    at /Users/zening/Desktop/card_server/node_modules/think_lib/index.js:572:16
    at Promise._execute (/Users/zening/Desktop/card_server/node_modules/bluebird/js/release/debuggability.js:303:9)
    at Promise._resolveFromExecutor (/Users/zening/Desktop/card_server/node_modules/bluebird/js/release/promise.js:483:18)
    at new Promise (/Users/zening/Desktop/card_server/node_modules/bluebird/js/release/promise.js:79:10)
    at /Users/zening/Desktop/card_server/node_modules/think_lib/index.js:571:16
    at module.exports.connect (/Users/zening/Desktop/card_server/node_modules/thinkorm_adapter_mysql/lib/socket.js:46:20)
    at fn.then.catch.err (/Users/zening/Desktop/card_server/node_modules/thinkorm_adapter_mysql/lib/socket.js:58:33)
    at tryCatcher (/Users/zening/Desktop/card_server/node_modules/bluebird/js/release/util.js:16:23)
    at Promise._settlePromiseFromHandler (/Users/zening/Desktop/card_server/node_modules/bluebird/js/release/promise.js:512:31)
    at Promise._settlePromise (/Users/zening/Desktop/card_server/node_modules/bluebird/js/release/promise.js:569:18)
    at Promise._settlePromise0 (/Users/zening/Desktop/card_server/node_modules/bluebird/js/release/promise.js:614:10)
    at Promise._settlePromises (/Users/zening/Desktop/card_server/node_modules/bluebird/js/release/promise.js:689:18)
    at Async._drainQueue (/Users/zening/Desktop/card_server/node_modules/bluebird/js/release/async.js:133:16)
    at Async._drainQueues (/Users/zening/Desktop/card_server/node_modules/bluebird/js/release/async.js:143:10)
    at Immediate.Async.drainQueues [as _onImmediate] (/Users/zening/Desktop/card_server/node_modules/bluebird/js/release/async.js:17:14)
    at runCallback (timers.js:789:20)
    at tryOnImmediate (timers.js:751:5)
    at processImmediate [as _immediateCallback] (timers.js:722:5)
[2018-03-04 12:35:53] [ERROR] Error: Handshake inactivity timeout
    at Handshake.<anonymous> (/Users/zening/Desktop/card_server/node_modules/mysql/lib/protocol/Protocol.js:164:17)
    at emitNone (events.js:106:13)
    at Handshake.emit (events.js:208:7)
    at Handshake._onTimeout (/Users/zening/Desktop/card_server/node_modules/mysql/lib/protocol/sequences/Sequence.js:129:8)
    at ontimeout (timers.js:475:11)
    at tryOnTimeout (timers.js:310:5)
    at Timer.listOnTimeout (timers.js:270:5)
    --------------------
    at Protocol._enqueue (/Users/zening/Desktop/card_server/node_modules/mysql/lib/protocol/Protocol.js:145:48)
    at Protocol.handshake (/Users/zening/Desktop/card_server/node_modules/mysql/lib/protocol/Protocol.js:52:23)
    at PoolConnection.connect (/Users/zening/Desktop/card_server/node_modules/mysql/lib/Connection.js:130:18)
    at Pool.getConnection (/Users/zening/Desktop/card_server/node_modules/mysql/lib/Pool.js:48:16)
    at /Users/zening/Desktop/card_server/node_modules/think_lib/index.js:572:16
    at Promise._execute (/Users/zening/Desktop/card_server/node_modules/bluebird/js/release/debuggability.js:303:9)
    at Promise._resolveFromExecutor (/Users/zening/Desktop/card_server/node_modules/bluebird/js/release/promise.js:483:18)
    at new Promise (/Users/zening/Desktop/card_server/node_modules/bluebird/js/release/promise.js:79:10)
    at /Users/zening/Desktop/card_server/node_modules/think_lib/index.js:571:16
    at module.exports.connect (/Users/zening/Desktop/card_server/node_modules/thinkorm_adapter_mysql/lib/socket.js:46:20)
    at fn.then.catch.err (/Users/zening/Desktop/card_server/node_modules/thinkorm_adapter_mysql/lib/socket.js:58:33)
    at tryCatcher (/Users/zening/Desktop/card_server/node_modules/bluebird/js/release/util.js:16:23)
    at Promise._settlePromiseFromHandler (/Users/zening/Desktop/card_server/node_modules/bluebird/js/release/promise.js:512:31)
    at Promise._settlePromise (/Users/zening/Desktop/card_server/node_modules/bluebird/js/release/promise.js:569:18)
    at Promise._settlePromise0 (/Users/zening/Desktop/card_server/node_modules/bluebird/js/release/promise.js:614:10)
    at Promise._settlePromises (/Users/zening/Desktop/card_server/node_modules/bluebird/js/release/promise.js:689:18)
    at Async._drainQueue (/Users/zening/Desktop/card_server/node_modules/bluebird/js/release/async.js:133:16)
    at Async._drainQueues (/Users/zening/Desktop/card_server/node_modules/bluebird/js/release/async.js:143:10)
    at Immediate.Async.drainQueues [as _onImmediate] (/Users/zening/Desktop/card_server/node_modules/bluebird/js/release/async.js:17:14)
    at runCallback (timers.js:789:20)
    at tryOnImmediate (timers.js:751:5)
    at processImmediate [as _immediateCallback] (timers.js:722:5)
