[2018-03-06 12:09:03] [ERROR] select * from `card` as `card` where `card`.`openid` = ''
[2018-03-06 12:09:03] [ERROR] Error: ER_ACCESS_DENIED_ERROR: Access denied for user 'root'@'localhost' (using password: YES)
    at Handshake.Sequence._packetToError (/Users/ly/card_server/node_modules/mysql/lib/protocol/sequences/Sequence.js:52:14)
    at Handshake.ErrorPacket (/Users/ly/card_server/node_modules/mysql/lib/protocol/sequences/Handshake.js:130:18)
    at Protocol._parsePacket (/Users/ly/card_server/node_modules/mysql/lib/protocol/Protocol.js:279:23)
    at Parser.write (/Users/ly/card_server/node_modules/mysql/lib/protocol/Parser.js:76:12)
    at Protocol.write (/Users/ly/card_server/node_modules/mysql/lib/protocol/Protocol.js:39:16)
    at Socket.<anonymous> (/Users/ly/card_server/node_modules/mysql/lib/Connection.js:103:28)
    at emitOne (events.js:116:13)
    at Socket.emit (events.js:211:7)
    at addChunk (_stream_readable.js:263:12)
    at readableAddChunk (_stream_readable.js:250:11)
    at Socket.Readable.push (_stream_readable.js:208:10)
    at TCP.onread (net.js:594:20)
    --------------------
    at Protocol._enqueue (/Users/ly/card_server/node_modules/mysql/lib/protocol/Protocol.js:145:48)
    at Protocol.handshake (/Users/ly/card_server/node_modules/mysql/lib/protocol/Protocol.js:52:23)
    at PoolConnection.connect (/Users/ly/card_server/node_modules/mysql/lib/Connection.js:130:18)
    at Pool.getConnection (/Users/ly/card_server/node_modules/mysql/lib/Pool.js:48:16)
    at /Users/ly/card_server/node_modules/think_lib/index.js:572:16
    at Promise._execute (/Users/ly/card_server/node_modules/bluebird/js/release/debuggability.js:303:9)
    at Promise._resolveFromExecutor (/Users/ly/card_server/node_modules/bluebird/js/release/promise.js:483:18)
    at new Promise (/Users/ly/card_server/node_modules/bluebird/js/release/promise.js:79:10)
    at /Users/ly/card_server/node_modules/think_lib/index.js:571:16
    at module.exports.connect (/Users/ly/card_server/node_modules/thinkorm_adapter_mysql/lib/socket.js:46:20)
    at fn.then.catch.err (/Users/ly/card_server/node_modules/thinkorm_adapter_mysql/lib/socket.js:58:33)
    at tryCatcher (/Users/ly/card_server/node_modules/bluebird/js/release/util.js:16:23)
    at Promise._settlePromiseFromHandler (/Users/ly/card_server/node_modules/bluebird/js/release/promise.js:512:31)
    at Promise._settlePromise (/Users/ly/card_server/node_modules/bluebird/js/release/promise.js:569:18)
    at Promise._settlePromise0 (/Users/ly/card_server/node_modules/bluebird/js/release/promise.js:614:10)
    at Promise._settlePromises (/Users/ly/card_server/node_modules/bluebird/js/release/promise.js:689:18)
    at Async._drainQueue (/Users/ly/card_server/node_modules/bluebird/js/release/async.js:133:16)
    at Async._drainQueues (/Users/ly/card_server/node_modules/bluebird/js/release/async.js:143:10)
    at Immediate.Async.drainQueues [as _onImmediate] (/Users/ly/card_server/node_modules/bluebird/js/release/async.js:17:14)
    at runCallback (timers.js:789:20)
    at tryOnImmediate (timers.js:751:5)
    at processImmediate [as _immediateCallback] (timers.js:722:5)
[2018-03-06 12:09:03] [ERROR] Error: ER_ACCESS_DENIED_ERROR: Access denied for user 'root'@'localhost' (using password: YES)
    at Handshake.Sequence._packetToError (/Users/ly/card_server/node_modules/mysql/lib/protocol/sequences/Sequence.js:52:14)
    at Handshake.ErrorPacket (/Users/ly/card_server/node_modules/mysql/lib/protocol/sequences/Handshake.js:130:18)
    at Protocol._parsePacket (/Users/ly/card_server/node_modules/mysql/lib/protocol/Protocol.js:279:23)
    at Parser.write (/Users/ly/card_server/node_modules/mysql/lib/protocol/Parser.js:76:12)
    at Protocol.write (/Users/ly/card_server/node_modules/mysql/lib/protocol/Protocol.js:39:16)
    at Socket.<anonymous> (/Users/ly/card_server/node_modules/mysql/lib/Connection.js:103:28)
    at emitOne (events.js:116:13)
    at Socket.emit (events.js:211:7)
    at addChunk (_stream_readable.js:263:12)
    at readableAddChunk (_stream_readable.js:250:11)
    at Socket.Readable.push (_stream_readable.js:208:10)
    at TCP.onread (net.js:594:20)
    --------------------
    at Protocol._enqueue (/Users/ly/card_server/node_modules/mysql/lib/protocol/Protocol.js:145:48)
    at Protocol.handshake (/Users/ly/card_server/node_modules/mysql/lib/protocol/Protocol.js:52:23)
    at PoolConnection.connect (/Users/ly/card_server/node_modules/mysql/lib/Connection.js:130:18)
    at Pool.getConnection (/Users/ly/card_server/node_modules/mysql/lib/Pool.js:48:16)
    at /Users/ly/card_server/node_modules/think_lib/index.js:572:16
    at Promise._execute (/Users/ly/card_server/node_modules/bluebird/js/release/debuggability.js:303:9)
    at Promise._resolveFromExecutor (/Users/ly/card_server/node_modules/bluebird/js/release/promise.js:483:18)
    at new Promise (/Users/ly/card_server/node_modules/bluebird/js/release/promise.js:79:10)
    at /Users/ly/card_server/node_modules/think_lib/index.js:571:16
    at module.exports.connect (/Users/ly/card_server/node_modules/thinkorm_adapter_mysql/lib/socket.js:46:20)
    at fn.then.catch.err (/Users/ly/card_server/node_modules/thinkorm_adapter_mysql/lib/socket.js:58:33)
    at tryCatcher (/Users/ly/card_server/node_modules/bluebird/js/release/util.js:16:23)
    at Promise._settlePromiseFromHandler (/Users/ly/card_server/node_modules/bluebird/js/release/promise.js:512:31)
    at Promise._settlePromise (/Users/ly/card_server/node_modules/bluebird/js/release/promise.js:569:18)
    at Promise._settlePromise0 (/Users/ly/card_server/node_modules/bluebird/js/release/promise.js:614:10)
    at Promise._settlePromises (/Users/ly/card_server/node_modules/bluebird/js/release/promise.js:689:18)
    at Async._drainQueue (/Users/ly/card_server/node_modules/bluebird/js/release/async.js:133:16)
    at Async._drainQueues (/Users/ly/card_server/node_modules/bluebird/js/release/async.js:143:10)
    at Immediate.Async.drainQueues [as _onImmediate] (/Users/ly/card_server/node_modules/bluebird/js/release/async.js:17:14)
    at runCallback (timers.js:789:20)
    at tryOnImmediate (timers.js:751:5)
    at processImmediate [as _immediateCallback] (timers.js:722:5)
[2018-03-06 12:09:03] [ERROR]  GET  500  /card/getUserCard  692ms
[2018-03-06 12:09:22] [ERROR] select * from `card` as `card` where `card`.`openid` = ''
[2018-03-06 12:09:22] [ERROR] Error: ER_ACCESS_DENIED_ERROR: Access denied for user 'root'@'localhost' (using password: YES)
    at Handshake.Sequence._packetToError (/Users/ly/card_server/node_modules/mysql/lib/protocol/sequences/Sequence.js:52:14)
    at Handshake.ErrorPacket (/Users/ly/card_server/node_modules/mysql/lib/protocol/sequences/Handshake.js:130:18)
    at Protocol._parsePacket (/Users/ly/card_server/node_modules/mysql/lib/protocol/Protocol.js:279:23)
    at Parser.write (/Users/ly/card_server/node_modules/mysql/lib/protocol/Parser.js:76:12)
    at Protocol.write (/Users/ly/card_server/node_modules/mysql/lib/protocol/Protocol.js:39:16)
    at Socket.<anonymous> (/Users/ly/card_server/node_modules/mysql/lib/Connection.js:103:28)
    at emitOne (events.js:116:13)
    at Socket.emit (events.js:211:7)
    at addChunk (_stream_readable.js:263:12)
    at readableAddChunk (_stream_readable.js:250:11)
    at Socket.Readable.push (_stream_readable.js:208:10)
    at TCP.onread (net.js:594:20)
    --------------------
    at Protocol._enqueue (/Users/ly/card_server/node_modules/mysql/lib/protocol/Protocol.js:145:48)
    at Protocol.handshake (/Users/ly/card_server/node_modules/mysql/lib/protocol/Protocol.js:52:23)
    at PoolConnection.connect (/Users/ly/card_server/node_modules/mysql/lib/Connection.js:130:18)
    at Pool.getConnection (/Users/ly/card_server/node_modules/mysql/lib/Pool.js:48:16)
    at /Users/ly/card_server/node_modules/think_lib/index.js:572:16
    at Promise._execute (/Users/ly/card_server/node_modules/bluebird/js/release/debuggability.js:303:9)
    at Promise._resolveFromExecutor (/Users/ly/card_server/node_modules/bluebird/js/release/promise.js:483:18)
    at new Promise (/Users/ly/card_server/node_modules/bluebird/js/release/promise.js:79:10)
    at /Users/ly/card_server/node_modules/think_lib/index.js:571:16
    at module.exports.connect (/Users/ly/card_server/node_modules/thinkorm_adapter_mysql/lib/socket.js:46:20)
    at fn.then.catch.err (/Users/ly/card_server/node_modules/thinkorm_adapter_mysql/lib/socket.js:58:33)
    at tryCatcher (/Users/ly/card_server/node_modules/bluebird/js/release/util.js:16:23)
    at Promise._settlePromiseFromHandler (/Users/ly/card_server/node_modules/bluebird/js/release/promise.js:512:31)
    at Promise._settlePromise (/Users/ly/card_server/node_modules/bluebird/js/release/promise.js:569:18)
    at Promise._settlePromise0 (/Users/ly/card_server/node_modules/bluebird/js/release/promise.js:614:10)
    at Promise._settlePromises (/Users/ly/card_server/node_modules/bluebird/js/release/promise.js:689:18)
    at Async._drainQueue (/Users/ly/card_server/node_modules/bluebird/js/release/async.js:133:16)
    at Async._drainQueues (/Users/ly/card_server/node_modules/bluebird/js/release/async.js:143:10)
    at Immediate.Async.drainQueues [as _onImmediate] (/Users/ly/card_server/node_modules/bluebird/js/release/async.js:17:14)
    at runCallback (timers.js:789:20)
    at tryOnImmediate (timers.js:751:5)
    at processImmediate [as _immediateCallback] (timers.js:722:5)
[2018-03-06 12:09:22] [ERROR] Error: ER_ACCESS_DENIED_ERROR: Access denied for user 'root'@'localhost' (using password: YES)
    at Handshake.Sequence._packetToError (/Users/ly/card_server/node_modules/mysql/lib/protocol/sequences/Sequence.js:52:14)
    at Handshake.ErrorPacket (/Users/ly/card_server/node_modules/mysql/lib/protocol/sequences/Handshake.js:130:18)
    at Protocol._parsePacket (/Users/ly/card_server/node_modules/mysql/lib/protocol/Protocol.js:279:23)
    at Parser.write (/Users/ly/card_server/node_modules/mysql/lib/protocol/Parser.js:76:12)
    at Protocol.write (/Users/ly/card_server/node_modules/mysql/lib/protocol/Protocol.js:39:16)
    at Socket.<anonymous> (/Users/ly/card_server/node_modules/mysql/lib/Connection.js:103:28)
    at emitOne (events.js:116:13)
    at Socket.emit (events.js:211:7)
    at addChunk (_stream_readable.js:263:12)
    at readableAddChunk (_stream_readable.js:250:11)
    at Socket.Readable.push (_stream_readable.js:208:10)
    at TCP.onread (net.js:594:20)
    --------------------
    at Protocol._enqueue (/Users/ly/card_server/node_modules/mysql/lib/protocol/Protocol.js:145:48)
    at Protocol.handshake (/Users/ly/card_server/node_modules/mysql/lib/protocol/Protocol.js:52:23)
    at PoolConnection.connect (/Users/ly/card_server/node_modules/mysql/lib/Connection.js:130:18)
    at Pool.getConnection (/Users/ly/card_server/node_modules/mysql/lib/Pool.js:48:16)
    at /Users/ly/card_server/node_modules/think_lib/index.js:572:16
    at Promise._execute (/Users/ly/card_server/node_modules/bluebird/js/release/debuggability.js:303:9)
    at Promise._resolveFromExecutor (/Users/ly/card_server/node_modules/bluebird/js/release/promise.js:483:18)
    at new Promise (/Users/ly/card_server/node_modules/bluebird/js/release/promise.js:79:10)
    at /Users/ly/card_server/node_modules/think_lib/index.js:571:16
    at module.exports.connect (/Users/ly/card_server/node_modules/thinkorm_adapter_mysql/lib/socket.js:46:20)
    at fn.then.catch.err (/Users/ly/card_server/node_modules/thinkorm_adapter_mysql/lib/socket.js:58:33)
    at tryCatcher (/Users/ly/card_server/node_modules/bluebird/js/release/util.js:16:23)
    at Promise._settlePromiseFromHandler (/Users/ly/card_server/node_modules/bluebird/js/release/promise.js:512:31)
    at Promise._settlePromise (/Users/ly/card_server/node_modules/bluebird/js/release/promise.js:569:18)
    at Promise._settlePromise0 (/Users/ly/card_server/node_modules/bluebird/js/release/promise.js:614:10)
    at Promise._settlePromises (/Users/ly/card_server/node_modules/bluebird/js/release/promise.js:689:18)
    at Async._drainQueue (/Users/ly/card_server/node_modules/bluebird/js/release/async.js:133:16)
    at Async._drainQueues (/Users/ly/card_server/node_modules/bluebird/js/release/async.js:143:10)
    at Immediate.Async.drainQueues [as _onImmediate] (/Users/ly/card_server/node_modules/bluebird/js/release/async.js:17:14)
    at runCallback (timers.js:789:20)
    at tryOnImmediate (timers.js:751:5)
    at processImmediate [as _immediateCallback] (timers.js:722:5)
[2018-03-06 12:09:22] [ERROR]  GET  500  /card/getUserCard  14ms
[2018-03-06 12:09:23] [ERROR] select * from `card` as `card` where `card`.`openid` = ''
[2018-03-06 12:09:23] [ERROR] Error: ER_ACCESS_DENIED_ERROR: Access denied for user 'root'@'localhost' (using password: YES)
    at Handshake.Sequence._packetToError (/Users/ly/card_server/node_modules/mysql/lib/protocol/sequences/Sequence.js:52:14)
    at Handshake.ErrorPacket (/Users/ly/card_server/node_modules/mysql/lib/protocol/sequences/Handshake.js:130:18)
    at Protocol._parsePacket (/Users/ly/card_server/node_modules/mysql/lib/protocol/Protocol.js:279:23)
    at Parser.write (/Users/ly/card_server/node_modules/mysql/lib/protocol/Parser.js:76:12)
    at Protocol.write (/Users/ly/card_server/node_modules/mysql/lib/protocol/Protocol.js:39:16)
    at Socket.<anonymous> (/Users/ly/card_server/node_modules/mysql/lib/Connection.js:103:28)
    at emitOne (events.js:116:13)
    at Socket.emit (events.js:211:7)
    at addChunk (_stream_readable.js:263:12)
    at readableAddChunk (_stream_readable.js:250:11)
    at Socket.Readable.push (_stream_readable.js:208:10)
    at TCP.onread (net.js:594:20)
    --------------------
    at Protocol._enqueue (/Users/ly/card_server/node_modules/mysql/lib/protocol/Protocol.js:145:48)
    at Protocol.handshake (/Users/ly/card_server/node_modules/mysql/lib/protocol/Protocol.js:52:23)
    at PoolConnection.connect (/Users/ly/card_server/node_modules/mysql/lib/Connection.js:130:18)
    at Pool.getConnection (/Users/ly/card_server/node_modules/mysql/lib/Pool.js:48:16)
    at /Users/ly/card_server/node_modules/think_lib/index.js:572:16
    at Promise._execute (/Users/ly/card_server/node_modules/bluebird/js/release/debuggability.js:303:9)
    at Promise._resolveFromExecutor (/Users/ly/card_server/node_modules/bluebird/js/release/promise.js:483:18)
    at new Promise (/Users/ly/card_server/node_modules/bluebird/js/release/promise.js:79:10)
    at /Users/ly/card_server/node_modules/think_lib/index.js:571:16
    at module.exports.connect (/Users/ly/card_server/node_modules/thinkorm_adapter_mysql/lib/socket.js:46:20)
    at fn.then.catch.err (/Users/ly/card_server/node_modules/thinkorm_adapter_mysql/lib/socket.js:58:33)
    at tryCatcher (/Users/ly/card_server/node_modules/bluebird/js/release/util.js:16:23)
    at Promise._settlePromiseFromHandler (/Users/ly/card_server/node_modules/bluebird/js/release/promise.js:512:31)
    at Promise._settlePromise (/Users/ly/card_server/node_modules/bluebird/js/release/promise.js:569:18)
    at Promise._settlePromise0 (/Users/ly/card_server/node_modules/bluebird/js/release/promise.js:614:10)
    at Promise._settlePromises (/Users/ly/card_server/node_modules/bluebird/js/release/promise.js:689:18)
    at Async._drainQueue (/Users/ly/card_server/node_modules/bluebird/js/release/async.js:133:16)
    at Async._drainQueues (/Users/ly/card_server/node_modules/bluebird/js/release/async.js:143:10)
    at Immediate.Async.drainQueues [as _onImmediate] (/Users/ly/card_server/node_modules/bluebird/js/release/async.js:17:14)
    at runCallback (timers.js:789:20)
    at tryOnImmediate (timers.js:751:5)
    at processImmediate [as _immediateCallback] (timers.js:722:5)
[2018-03-06 12:09:23] [ERROR] Error: ER_ACCESS_DENIED_ERROR: Access denied for user 'root'@'localhost' (using password: YES)
    at Handshake.Sequence._packetToError (/Users/ly/card_server/node_modules/mysql/lib/protocol/sequences/Sequence.js:52:14)
    at Handshake.ErrorPacket (/Users/ly/card_server/node_modules/mysql/lib/protocol/sequences/Handshake.js:130:18)
    at Protocol._parsePacket (/Users/ly/card_server/node_modules/mysql/lib/protocol/Protocol.js:279:23)
    at Parser.write (/Users/ly/card_server/node_modules/mysql/lib/protocol/Parser.js:76:12)
    at Protocol.write (/Users/ly/card_server/node_modules/mysql/lib/protocol/Protocol.js:39:16)
    at Socket.<anonymous> (/Users/ly/card_server/node_modules/mysql/lib/Connection.js:103:28)
    at emitOne (events.js:116:13)
    at Socket.emit (events.js:211:7)
    at addChunk (_stream_readable.js:263:12)
    at readableAddChunk (_stream_readable.js:250:11)
    at Socket.Readable.push (_stream_readable.js:208:10)
    at TCP.onread (net.js:594:20)
    --------------------
    at Protocol._enqueue (/Users/ly/card_server/node_modules/mysql/lib/protocol/Protocol.js:145:48)
    at Protocol.handshake (/Users/ly/card_server/node_modules/mysql/lib/protocol/Protocol.js:52:23)
    at PoolConnection.connect (/Users/ly/card_server/node_modules/mysql/lib/Connection.js:130:18)
    at Pool.getConnection (/Users/ly/card_server/node_modules/mysql/lib/Pool.js:48:16)
    at /Users/ly/card_server/node_modules/think_lib/index.js:572:16
    at Promise._execute (/Users/ly/card_server/node_modules/bluebird/js/release/debuggability.js:303:9)
    at Promise._resolveFromExecutor (/Users/ly/card_server/node_modules/bluebird/js/release/promise.js:483:18)
    at new Promise (/Users/ly/card_server/node_modules/bluebird/js/release/promise.js:79:10)
    at /Users/ly/card_server/node_modules/think_lib/index.js:571:16
    at module.exports.connect (/Users/ly/card_server/node_modules/thinkorm_adapter_mysql/lib/socket.js:46:20)
    at fn.then.catch.err (/Users/ly/card_server/node_modules/thinkorm_adapter_mysql/lib/socket.js:58:33)
    at tryCatcher (/Users/ly/card_server/node_modules/bluebird/js/release/util.js:16:23)
    at Promise._settlePromiseFromHandler (/Users/ly/card_server/node_modules/bluebird/js/release/promise.js:512:31)
    at Promise._settlePromise (/Users/ly/card_server/node_modules/bluebird/js/release/promise.js:569:18)
    at Promise._settlePromise0 (/Users/ly/card_server/node_modules/bluebird/js/release/promise.js:614:10)
    at Promise._settlePromises (/Users/ly/card_server/node_modules/bluebird/js/release/promise.js:689:18)
    at Async._drainQueue (/Users/ly/card_server/node_modules/bluebird/js/release/async.js:133:16)
    at Async._drainQueues (/Users/ly/card_server/node_modules/bluebird/js/release/async.js:143:10)
    at Immediate.Async.drainQueues [as _onImmediate] (/Users/ly/card_server/node_modules/bluebird/js/release/async.js:17:14)
    at runCallback (timers.js:789:20)
    at tryOnImmediate (timers.js:751:5)
    at processImmediate [as _immediateCallback] (timers.js:722:5)
[2018-03-06 12:09:23] [ERROR]  GET  500  /card/getUserCard  12ms
[2018-03-06 12:09:36] [ERROR] select * from `card` as `card` where `card`.`openid` = ''
[2018-03-06 12:09:36] [ERROR] Error: ER_ACCESS_DENIED_ERROR: Access denied for user 'root'@'localhost' (using password: YES)
    at Handshake.Sequence._packetToError (/Users/ly/card_server/node_modules/mysql/lib/protocol/sequences/Sequence.js:52:14)
    at Handshake.ErrorPacket (/Users/ly/card_server/node_modules/mysql/lib/protocol/sequences/Handshake.js:130:18)
    at Protocol._parsePacket (/Users/ly/card_server/node_modules/mysql/lib/protocol/Protocol.js:279:23)
    at Parser.write (/Users/ly/card_server/node_modules/mysql/lib/protocol/Parser.js:76:12)
    at Protocol.write (/Users/ly/card_server/node_modules/mysql/lib/protocol/Protocol.js:39:16)
    at Socket.<anonymous> (/Users/ly/card_server/node_modules/mysql/lib/Connection.js:103:28)
    at emitOne (events.js:116:13)
    at Socket.emit (events.js:211:7)
    at addChunk (_stream_readable.js:263:12)
    at readableAddChunk (_stream_readable.js:250:11)
    at Socket.Readable.push (_stream_readable.js:208:10)
    at TCP.onread (net.js:594:20)
    --------------------
    at Protocol._enqueue (/Users/ly/card_server/node_modules/mysql/lib/protocol/Protocol.js:145:48)
    at Protocol.handshake (/Users/ly/card_server/node_modules/mysql/lib/protocol/Protocol.js:52:23)
    at PoolConnection.connect (/Users/ly/card_server/node_modules/mysql/lib/Connection.js:130:18)
    at Pool.getConnection (/Users/ly/card_server/node_modules/mysql/lib/Pool.js:48:16)
    at /Users/ly/card_server/node_modules/think_lib/index.js:572:16
    at Promise._execute (/Users/ly/card_server/node_modules/bluebird/js/release/debuggability.js:303:9)
    at Promise._resolveFromExecutor (/Users/ly/card_server/node_modules/bluebird/js/release/promise.js:483:18)
    at new Promise (/Users/ly/card_server/node_modules/bluebird/js/release/promise.js:79:10)
    at /Users/ly/card_server/node_modules/think_lib/index.js:571:16
    at module.exports.connect (/Users/ly/card_server/node_modules/thinkorm_adapter_mysql/lib/socket.js:46:20)
    at fn.then.catch.err (/Users/ly/card_server/node_modules/thinkorm_adapter_mysql/lib/socket.js:58:33)
    at tryCatcher (/Users/ly/card_server/node_modules/bluebird/js/release/util.js:16:23)
    at Promise._settlePromiseFromHandler (/Users/ly/card_server/node_modules/bluebird/js/release/promise.js:512:31)
    at Promise._settlePromise (/Users/ly/card_server/node_modules/bluebird/js/release/promise.js:569:18)
    at Promise._settlePromise0 (/Users/ly/card_server/node_modules/bluebird/js/release/promise.js:614:10)
    at Promise._settlePromises (/Users/ly/card_server/node_modules/bluebird/js/release/promise.js:689:18)
    at Async._drainQueue (/Users/ly/card_server/node_modules/bluebird/js/release/async.js:133:16)
    at Async._drainQueues (/Users/ly/card_server/node_modules/bluebird/js/release/async.js:143:10)
    at Immediate.Async.drainQueues [as _onImmediate] (/Users/ly/card_server/node_modules/bluebird/js/release/async.js:17:14)
    at runCallback (timers.js:789:20)
    at tryOnImmediate (timers.js:751:5)
    at processImmediate [as _immediateCallback] (timers.js:722:5)
[2018-03-06 12:09:36] [ERROR] Error: ER_ACCESS_DENIED_ERROR: Access denied for user 'root'@'localhost' (using password: YES)
    at Handshake.Sequence._packetToError (/Users/ly/card_server/node_modules/mysql/lib/protocol/sequences/Sequence.js:52:14)
    at Handshake.ErrorPacket (/Users/ly/card_server/node_modules/mysql/lib/protocol/sequences/Handshake.js:130:18)
    at Protocol._parsePacket (/Users/ly/card_server/node_modules/mysql/lib/protocol/Protocol.js:279:23)
    at Parser.write (/Users/ly/card_server/node_modules/mysql/lib/protocol/Parser.js:76:12)
    at Protocol.write (/Users/ly/card_server/node_modules/mysql/lib/protocol/Protocol.js:39:16)
    at Socket.<anonymous> (/Users/ly/card_server/node_modules/mysql/lib/Connection.js:103:28)
    at emitOne (events.js:116:13)
    at Socket.emit (events.js:211:7)
    at addChunk (_stream_readable.js:263:12)
    at readableAddChunk (_stream_readable.js:250:11)
    at Socket.Readable.push (_stream_readable.js:208:10)
    at TCP.onread (net.js:594:20)
    --------------------
    at Protocol._enqueue (/Users/ly/card_server/node_modules/mysql/lib/protocol/Protocol.js:145:48)
    at Protocol.handshake (/Users/ly/card_server/node_modules/mysql/lib/protocol/Protocol.js:52:23)
    at PoolConnection.connect (/Users/ly/card_server/node_modules/mysql/lib/Connection.js:130:18)
    at Pool.getConnection (/Users/ly/card_server/node_modules/mysql/lib/Pool.js:48:16)
    at /Users/ly/card_server/node_modules/think_lib/index.js:572:16
    at Promise._execute (/Users/ly/card_server/node_modules/bluebird/js/release/debuggability.js:303:9)
    at Promise._resolveFromExecutor (/Users/ly/card_server/node_modules/bluebird/js/release/promise.js:483:18)
    at new Promise (/Users/ly/card_server/node_modules/bluebird/js/release/promise.js:79:10)
    at /Users/ly/card_server/node_modules/think_lib/index.js:571:16
    at module.exports.connect (/Users/ly/card_server/node_modules/thinkorm_adapter_mysql/lib/socket.js:46:20)
    at fn.then.catch.err (/Users/ly/card_server/node_modules/thinkorm_adapter_mysql/lib/socket.js:58:33)
    at tryCatcher (/Users/ly/card_server/node_modules/bluebird/js/release/util.js:16:23)
    at Promise._settlePromiseFromHandler (/Users/ly/card_server/node_modules/bluebird/js/release/promise.js:512:31)
    at Promise._settlePromise (/Users/ly/card_server/node_modules/bluebird/js/release/promise.js:569:18)
    at Promise._settlePromise0 (/Users/ly/card_server/node_modules/bluebird/js/release/promise.js:614:10)
    at Promise._settlePromises (/Users/ly/card_server/node_modules/bluebird/js/release/promise.js:689:18)
    at Async._drainQueue (/Users/ly/card_server/node_modules/bluebird/js/release/async.js:133:16)
    at Async._drainQueues (/Users/ly/card_server/node_modules/bluebird/js/release/async.js:143:10)
    at Immediate.Async.drainQueues [as _onImmediate] (/Users/ly/card_server/node_modules/bluebird/js/release/async.js:17:14)
    at runCallback (timers.js:789:20)
    at tryOnImmediate (timers.js:751:5)
    at processImmediate [as _immediateCallback] (timers.js:722:5)
[2018-03-06 12:09:36] [ERROR]  GET  500  /card/getUserCard  10ms
[2018-03-06 12:42:35] [ERROR] select * from `card` as `card` where `card`.`openid` = ''
[2018-03-06 12:42:35] [ERROR] Error: ER_BAD_DB_ERROR: Unknown database 'card_server'
    at Handshake.Sequence._packetToError (/Users/ly/card_server/node_modules/mysql/lib/protocol/sequences/Sequence.js:52:14)
    at Handshake.ErrorPacket (/Users/ly/card_server/node_modules/mysql/lib/protocol/sequences/Handshake.js:130:18)
    at Protocol._parsePacket (/Users/ly/card_server/node_modules/mysql/lib/protocol/Protocol.js:279:23)
    at Parser.write (/Users/ly/card_server/node_modules/mysql/lib/protocol/Parser.js:76:12)
    at Protocol.write (/Users/ly/card_server/node_modules/mysql/lib/protocol/Protocol.js:39:16)
    at Socket.<anonymous> (/Users/ly/card_server/node_modules/mysql/lib/Connection.js:103:28)
    at emitOne (events.js:116:13)
    at Socket.emit (events.js:211:7)
    at addChunk (_stream_readable.js:263:12)
    at readableAddChunk (_stream_readable.js:250:11)
    at Socket.Readable.push (_stream_readable.js:208:10)
    at TCP.onread (net.js:594:20)
    --------------------
    at Protocol._enqueue (/Users/ly/card_server/node_modules/mysql/lib/protocol/Protocol.js:145:48)
    at Protocol.handshake (/Users/ly/card_server/node_modules/mysql/lib/protocol/Protocol.js:52:23)
    at PoolConnection.connect (/Users/ly/card_server/node_modules/mysql/lib/Connection.js:130:18)
    at Pool.getConnection (/Users/ly/card_server/node_modules/mysql/lib/Pool.js:48:16)
    at /Users/ly/card_server/node_modules/think_lib/index.js:572:16
    at Promise._execute (/Users/ly/card_server/node_modules/bluebird/js/release/debuggability.js:303:9)
    at Promise._resolveFromExecutor (/Users/ly/card_server/node_modules/bluebird/js/release/promise.js:483:18)
    at new Promise (/Users/ly/card_server/node_modules/bluebird/js/release/promise.js:79:10)
    at /Users/ly/card_server/node_modules/think_lib/index.js:571:16
    at module.exports.connect (/Users/ly/card_server/node_modules/thinkorm_adapter_mysql/lib/socket.js:46:20)
    at fn.then.catch.err (/Users/ly/card_server/node_modules/thinkorm_adapter_mysql/lib/socket.js:58:33)
    at tryCatcher (/Users/ly/card_server/node_modules/bluebird/js/release/util.js:16:23)
    at Promise._settlePromiseFromHandler (/Users/ly/card_server/node_modules/bluebird/js/release/promise.js:512:31)
    at Promise._settlePromise (/Users/ly/card_server/node_modules/bluebird/js/release/promise.js:569:18)
    at Promise._settlePromise0 (/Users/ly/card_server/node_modules/bluebird/js/release/promise.js:614:10)
    at Promise._settlePromises (/Users/ly/card_server/node_modules/bluebird/js/release/promise.js:689:18)
    at Async._drainQueue (/Users/ly/card_server/node_modules/bluebird/js/release/async.js:133:16)
    at Async._drainQueues (/Users/ly/card_server/node_modules/bluebird/js/release/async.js:143:10)
    at Immediate.Async.drainQueues [as _onImmediate] (/Users/ly/card_server/node_modules/bluebird/js/release/async.js:17:14)
    at runCallback (timers.js:789:20)
    at tryOnImmediate (timers.js:751:5)
    at processImmediate [as _immediateCallback] (timers.js:722:5)
[2018-03-06 12:42:35] [ERROR] Error: ER_BAD_DB_ERROR: Unknown database 'card_server'
    at Handshake.Sequence._packetToError (/Users/ly/card_server/node_modules/mysql/lib/protocol/sequences/Sequence.js:52:14)
    at Handshake.ErrorPacket (/Users/ly/card_server/node_modules/mysql/lib/protocol/sequences/Handshake.js:130:18)
    at Protocol._parsePacket (/Users/ly/card_server/node_modules/mysql/lib/protocol/Protocol.js:279:23)
    at Parser.write (/Users/ly/card_server/node_modules/mysql/lib/protocol/Parser.js:76:12)
    at Protocol.write (/Users/ly/card_server/node_modules/mysql/lib/protocol/Protocol.js:39:16)
    at Socket.<anonymous> (/Users/ly/card_server/node_modules/mysql/lib/Connection.js:103:28)
    at emitOne (events.js:116:13)
    at Socket.emit (events.js:211:7)
    at addChunk (_stream_readable.js:263:12)
    at readableAddChunk (_stream_readable.js:250:11)
    at Socket.Readable.push (_stream_readable.js:208:10)
    at TCP.onread (net.js:594:20)
    --------------------
    at Protocol._enqueue (/Users/ly/card_server/node_modules/mysql/lib/protocol/Protocol.js:145:48)
    at Protocol.handshake (/Users/ly/card_server/node_modules/mysql/lib/protocol/Protocol.js:52:23)
    at PoolConnection.connect (/Users/ly/card_server/node_modules/mysql/lib/Connection.js:130:18)
    at Pool.getConnection (/Users/ly/card_server/node_modules/mysql/lib/Pool.js:48:16)
    at /Users/ly/card_server/node_modules/think_lib/index.js:572:16
    at Promise._execute (/Users/ly/card_server/node_modules/bluebird/js/release/debuggability.js:303:9)
    at Promise._resolveFromExecutor (/Users/ly/card_server/node_modules/bluebird/js/release/promise.js:483:18)
    at new Promise (/Users/ly/card_server/node_modules/bluebird/js/release/promise.js:79:10)
    at /Users/ly/card_server/node_modules/think_lib/index.js:571:16
    at module.exports.connect (/Users/ly/card_server/node_modules/thinkorm_adapter_mysql/lib/socket.js:46:20)
    at fn.then.catch.err (/Users/ly/card_server/node_modules/thinkorm_adapter_mysql/lib/socket.js:58:33)
    at tryCatcher (/Users/ly/card_server/node_modules/bluebird/js/release/util.js:16:23)
    at Promise._settlePromiseFromHandler (/Users/ly/card_server/node_modules/bluebird/js/release/promise.js:512:31)
    at Promise._settlePromise (/Users/ly/card_server/node_modules/bluebird/js/release/promise.js:569:18)
    at Promise._settlePromise0 (/Users/ly/card_server/node_modules/bluebird/js/release/promise.js:614:10)
    at Promise._settlePromises (/Users/ly/card_server/node_modules/bluebird/js/release/promise.js:689:18)
    at Async._drainQueue (/Users/ly/card_server/node_modules/bluebird/js/release/async.js:133:16)
    at Async._drainQueues (/Users/ly/card_server/node_modules/bluebird/js/release/async.js:143:10)
    at Immediate.Async.drainQueues [as _onImmediate] (/Users/ly/card_server/node_modules/bluebird/js/release/async.js:17:14)
    at runCallback (timers.js:789:20)
    at tryOnImmediate (timers.js:751:5)
    at processImmediate [as _immediateCallback] (timers.js:722:5)
[2018-03-06 12:42:35] [ERROR]  GET  500  /card/getUserCard  365ms
[2018-03-06 13:10:46] [ERROR] RequestTimeoutError: Request Timeout
    at Promise (/Users/ly/card_server/node_modules/think_trace/index.js:63:50)
    at Promise._execute (/Users/ly/card_server/node_modules/bluebird/js/release/debuggability.js:303:9)
    at Promise._resolveFromExecutor (/Users/ly/card_server/node_modules/bluebird/js/release/promise.js:483:18)
    at new Promise (/Users/ly/card_server/node_modules/bluebird/js/release/promise.js:79:10)
    at timer (/Users/ly/card_server/node_modules/think_trace/index.js:61:12)
    at /Users/ly/card_server/node_modules/think_trace/index.js:112:33
    at dispatch (/Users/ly/card_server/node_modules/koa-compose/index.js:42:32)
    at /Users/ly/card_server/node_modules/koa-compose/index.js:34:12
    at ThinkKoa.handleRequest (/Users/ly/card_server/node_modules/koa/lib/application.js:150:12)
    at Server.handleRequest (/Users/ly/card_server/node_modules/koa/lib/application.js:132:19)
    at emitTwo (events.js:126:13)
    at Server.emit (events.js:214:7)
    at parserOnIncoming (_http_server.js:602:12)
    at HTTPParser.parserOnHeadersComplete (_http_common.js:117:23)
[2018-03-06 13:10:46] [ERROR]  GET  408  /card/getUserCard  30012ms
[2018-03-06 13:13:16] [ERROR] RequestTimeoutError: Request Timeout
    at Promise (/Users/ly/card_server/node_modules/think_trace/index.js:63:50)
    at Promise._execute (/Users/ly/card_server/node_modules/bluebird/js/release/debuggability.js:303:9)
    at Promise._resolveFromExecutor (/Users/ly/card_server/node_modules/bluebird/js/release/promise.js:483:18)
    at new Promise (/Users/ly/card_server/node_modules/bluebird/js/release/promise.js:79:10)
    at timer (/Users/ly/card_server/node_modules/think_trace/index.js:61:12)
    at /Users/ly/card_server/node_modules/think_trace/index.js:112:33
    at dispatch (/Users/ly/card_server/node_modules/koa-compose/index.js:42:32)
    at /Users/ly/card_server/node_modules/koa-compose/index.js:34:12
    at ThinkKoa.handleRequest (/Users/ly/card_server/node_modules/koa/lib/application.js:150:12)
    at Server.handleRequest (/Users/ly/card_server/node_modules/koa/lib/application.js:132:19)
    at emitTwo (events.js:126:13)
    at Server.emit (events.js:214:7)
    at parserOnIncoming (_http_server.js:602:12)
    at HTTPParser.parserOnHeadersComplete (_http_common.js:117:23)
[2018-03-06 13:13:16] [ERROR]  GET  408  /card/getUserCard  30006ms
[2018-03-06 13:25:09] [ERROR] select * from `card` as `card` where `card`.`openid` = ''
[2018-03-06 13:25:09] [ERROR] Error: ER_QUERY_INTERRUPTED: Query execution was interrupted
    at Query.Sequence._packetToError (/Users/ly/card_server/node_modules/mysql/lib/protocol/sequences/Sequence.js:52:14)
    at Query.ErrorPacket (/Users/ly/card_server/node_modules/mysql/lib/protocol/sequences/Query.js:77:18)
    at Protocol._parsePacket (/Users/ly/card_server/node_modules/mysql/lib/protocol/Protocol.js:279:23)
    at Parser.write (/Users/ly/card_server/node_modules/mysql/lib/protocol/Parser.js:76:12)
    at Protocol.write (/Users/ly/card_server/node_modules/mysql/lib/protocol/Protocol.js:39:16)
    at Socket.<anonymous> (/Users/ly/card_server/node_modules/mysql/lib/Connection.js:103:28)
    at emitOne (events.js:116:13)
    at Socket.emit (events.js:211:7)
    at addChunk (_stream_readable.js:263:12)
    at readableAddChunk (_stream_readable.js:250:11)
    at Socket.Readable.push (_stream_readable.js:208:10)
    at TCP.onread (net.js:594:20)
    --------------------
    at Protocol._enqueue (/Users/ly/card_server/node_modules/mysql/lib/protocol/Protocol.js:145:48)
    at PoolConnection.query (/Users/ly/card_server/node_modules/mysql/lib/Connection.js:208:25)
    at /Users/ly/card_server/node_modules/think_lib/index.js:572:16
    at Promise._execute (/Users/ly/card_server/node_modules/bluebird/js/release/debuggability.js:303:9)
    at Promise._resolveFromExecutor (/Users/ly/card_server/node_modules/bluebird/js/release/promise.js:483:18)
    at new Promise (/Users/ly/card_server/node_modules/bluebird/js/release/promise.js:79:10)
    at /Users/ly/card_server/node_modules/think_lib/index.js:571:16
    at connect.then.conn (/Users/ly/card_server/node_modules/thinkorm_adapter_mysql/lib/index.js:142:20)
    at tryCatcher (/Users/ly/card_server/node_modules/bluebird/js/release/util.js:16:23)
    at Promise._settlePromiseFromHandler (/Users/ly/card_server/node_modules/bluebird/js/release/promise.js:512:31)
    at Promise._settlePromise (/Users/ly/card_server/node_modules/bluebird/js/release/promise.js:569:18)
    at Promise._settlePromise0 (/Users/ly/card_server/node_modules/bluebird/js/release/promise.js:614:10)
    at Promise._settlePromises (/Users/ly/card_server/node_modules/bluebird/js/release/promise.js:693:18)
    at Async._drainQueue (/Users/ly/card_server/node_modules/bluebird/js/release/async.js:133:16)
    at Async._drainQueues (/Users/ly/card_server/node_modules/bluebird/js/release/async.js:143:10)
    at Immediate.Async.drainQueues [as _onImmediate] (/Users/ly/card_server/node_modules/bluebird/js/release/async.js:17:14)
    at runCallback (timers.js:789:20)
    at tryOnImmediate (timers.js:751:5)
    at processImmediate [as _immediateCallback] (timers.js:722:5)
[2018-03-06 13:25:09] [ERROR] select * from `card` as `card` where `card`.`openid` = ''
[2018-03-06 13:25:09] [ERROR] Error: read ECONNRESET
    at _errnoException (util.js:1024:11)
    at TCP.onread (net.js:615:25)
    --------------------
    at Protocol._enqueue (/Users/ly/card_server/node_modules/mysql/lib/protocol/Protocol.js:145:48)
    at PoolConnection.query (/Users/ly/card_server/node_modules/mysql/lib/Connection.js:208:25)
    at /Users/ly/card_server/node_modules/think_lib/index.js:572:16
    at Promise._execute (/Users/ly/card_server/node_modules/bluebird/js/release/debuggability.js:303:9)
    at Promise._resolveFromExecutor (/Users/ly/card_server/node_modules/bluebird/js/release/promise.js:483:18)
    at new Promise (/Users/ly/card_server/node_modules/bluebird/js/release/promise.js:79:10)
    at /Users/ly/card_server/node_modules/think_lib/index.js:571:16
    at connect.then.conn (/Users/ly/card_server/node_modules/thinkorm_adapter_mysql/lib/index.js:142:20)
    at tryCatcher (/Users/ly/card_server/node_modules/bluebird/js/release/util.js:16:23)
    at Promise._settlePromiseFromHandler (/Users/ly/card_server/node_modules/bluebird/js/release/promise.js:512:31)
    at Promise._settlePromise (/Users/ly/card_server/node_modules/bluebird/js/release/promise.js:569:18)
    at Promise._settlePromiseCtx (/Users/ly/card_server/node_modules/bluebird/js/release/promise.js:606:10)
    at Async._drainQueue (/Users/ly/card_server/node_modules/bluebird/js/release/async.js:138:12)
    at Async._drainQueues (/Users/ly/card_server/node_modules/bluebird/js/release/async.js:143:10)
    at Immediate.Async.drainQueues [as _onImmediate] (/Users/ly/card_server/node_modules/bluebird/js/release/async.js:17:14)
    at runCallback (timers.js:789:20)
    at tryOnImmediate (timers.js:751:5)
    at processImmediate [as _immediateCallback] (timers.js:722:5)
[2018-03-06 13:40:27] [ERROR] RequestTimeoutError: Request Timeout
    at Promise (/Users/ly/card_server/node_modules/think_trace/index.js:63:50)
    at Promise._execute (/Users/ly/card_server/node_modules/bluebird/js/release/debuggability.js:303:9)
    at Promise._resolveFromExecutor (/Users/ly/card_server/node_modules/bluebird/js/release/promise.js:483:18)
    at new Promise (/Users/ly/card_server/node_modules/bluebird/js/release/promise.js:79:10)
    at timer (/Users/ly/card_server/node_modules/think_trace/index.js:61:12)
    at /Users/ly/card_server/node_modules/think_trace/index.js:112:33
    at dispatch (/Users/ly/card_server/node_modules/koa-compose/index.js:42:32)
    at /Users/ly/card_server/node_modules/koa-compose/index.js:34:12
    at ThinkKoa.handleRequest (/Users/ly/card_server/node_modules/koa/lib/application.js:150:12)
    at Server.handleRequest (/Users/ly/card_server/node_modules/koa/lib/application.js:132:19)
    at emitTwo (events.js:126:13)
    at Server.emit (events.js:214:7)
    at parserOnIncoming (_http_server.js:602:12)
    at HTTPParser.parserOnHeadersComplete (_http_common.js:117:23)
[2018-03-06 13:40:49] [ERROR] RequestTimeoutError: Request Timeout
    at Promise (/Users/ly/card_server/node_modules/think_trace/index.js:63:50)
    at Promise._execute (/Users/ly/card_server/node_modules/bluebird/js/release/debuggability.js:303:9)
    at Promise._resolveFromExecutor (/Users/ly/card_server/node_modules/bluebird/js/release/promise.js:483:18)
    at new Promise (/Users/ly/card_server/node_modules/bluebird/js/release/promise.js:79:10)
    at timer (/Users/ly/card_server/node_modules/think_trace/index.js:61:12)
    at /Users/ly/card_server/node_modules/think_trace/index.js:112:33
    at dispatch (/Users/ly/card_server/node_modules/koa-compose/index.js:42:32)
    at /Users/ly/card_server/node_modules/koa-compose/index.js:34:12
    at ThinkKoa.handleRequest (/Users/ly/card_server/node_modules/koa/lib/application.js:150:12)
    at Server.handleRequest (/Users/ly/card_server/node_modules/koa/lib/application.js:132:19)
    at emitTwo (events.js:126:13)
    at Server.emit (events.js:214:7)
    at parserOnIncoming (_http_server.js:602:12)
    at HTTPParser.parserOnHeadersComplete (_http_common.js:117:23)
[2018-03-06 13:41:18] [ERROR] RequestTimeoutError: Request Timeout
    at Promise (/Users/ly/card_server/node_modules/think_trace/index.js:63:50)
    at Promise._execute (/Users/ly/card_server/node_modules/bluebird/js/release/debuggability.js:303:9)
    at Promise._resolveFromExecutor (/Users/ly/card_server/node_modules/bluebird/js/release/promise.js:483:18)
    at new Promise (/Users/ly/card_server/node_modules/bluebird/js/release/promise.js:79:10)
    at timer (/Users/ly/card_server/node_modules/think_trace/index.js:61:12)
    at /Users/ly/card_server/node_modules/think_trace/index.js:112:33
    at dispatch (/Users/ly/card_server/node_modules/koa-compose/index.js:42:32)
    at /Users/ly/card_server/node_modules/koa-compose/index.js:34:12
    at ThinkKoa.handleRequest (/Users/ly/card_server/node_modules/koa/lib/application.js:150:12)
    at Server.handleRequest (/Users/ly/card_server/node_modules/koa/lib/application.js:132:19)
    at emitTwo (events.js:126:13)
    at Server.emit (events.js:214:7)
    at parserOnIncoming (_http_server.js:602:12)
    at HTTPParser.parserOnHeadersComplete (_http_common.js:117:23)
[2018-03-06 13:41:18] [ERROR]  GET  408  /card/getUserCard  30006ms
