[2018-03-03 16:06:06] [ERROR] NotFoundError: Controller not found.
    at Object.throw (/Users/zening/Desktop/card_server/node_modules/koa/lib/context.js:93:11)
    at exec (/Users/zening/Desktop/card_server/node_modules/think_controller/index.js:36:22)
    at /Users/zening/Desktop/card_server/node_modules/think_controller/index.js:87:16
    at dispatch (/Users/zening/Desktop/card_server/node_modules/koa-compose/index.js:42:32)
    at next (/Users/zening/Desktop/card_server/node_modules/koa-compose/index.js:43:18)
    at /Users/zening/Desktop/card_server/node_modules/think_router/index.js:286:20
    at dispatch (/Users/zening/Desktop/card_server/node_modules/koa-compose/index.js:42:32)
    at next (/Users/zening/Desktop/card_server/node_modules/koa-compose/index.js:43:18)
    at /Users/zening/Desktop/card_server/node_modules/think_model/index.js:52:16
    at dispatch (/Users/zening/Desktop/card_server/node_modules/koa-compose/index.js:42:32)
    at next (/Users/zening/Desktop/card_server/node_modules/koa-compose/index.js:43:18)
    at /Users/zening/Desktop/card_server/node_modules/think_payload/index.js:119:16
    at <anonymous>
[2018-03-03 16:06:06] [ERROR]  GET  404  /wxLogin  41ms
[2018-03-03 16:07:13] [ERROR] NotFoundError: Controller not found.
    at Object.throw (/Users/zening/Desktop/card_server/node_modules/koa/lib/context.js:93:11)
    at exec (/Users/zening/Desktop/card_server/node_modules/think_controller/index.js:36:22)
    at /Users/zening/Desktop/card_server/node_modules/think_controller/index.js:87:16
    at dispatch (/Users/zening/Desktop/card_server/node_modules/koa-compose/index.js:42:32)
    at next (/Users/zening/Desktop/card_server/node_modules/koa-compose/index.js:43:18)
    at /Users/zening/Desktop/card_server/node_modules/think_router/index.js:286:20
    at dispatch (/Users/zening/Desktop/card_server/node_modules/koa-compose/index.js:42:32)
    at next (/Users/zening/Desktop/card_server/node_modules/koa-compose/index.js:43:18)
    at /Users/zening/Desktop/card_server/node_modules/think_model/index.js:52:16
    at dispatch (/Users/zening/Desktop/card_server/node_modules/koa-compose/index.js:42:32)
    at next (/Users/zening/Desktop/card_server/node_modules/koa-compose/index.js:43:18)
    at /Users/zening/Desktop/card_server/node_modules/think_payload/index.js:119:16
    at <anonymous>
[2018-03-03 16:07:13] [ERROR]  GET  404  /public/wxLogin  2ms
[2018-03-03 16:08:11] [ERROR] Error: /Users/zening/Desktop/card_server/app/controller/public.js: Error: Cannot find module 'request-promise'
    at load (/Users/zening/Desktop/card_server/node_modules/think_loader/index.js:126:15)
    at loader (/Users/zening/Desktop/card_server/node_modules/think_loader/index.js:31:17)
    at Object.loadControllers (/Users/zening/Desktop/card_server/node_modules/thinkkoa/lib/util/loader.js:114:40)
    at ThinkKoa.listen (/Users/zening/Desktop/card_server/node_modules/thinkkoa/lib/thinkkoa.js:239:16)
    at Object.<anonymous> (/Users/zening/Desktop/card_server/index.js:19:5)
    at Module._compile (module.js:643:30)
    at Object.Module._extensions..js (module.js:654:10)
    at Module.load (module.js:556:32)
    at tryModuleLoad (module.js:499:12)
    at Function.Module._load (module.js:491:3)
    at Function.Module.runMain (module.js:684:10)
    at startup (bootstrap_node.js:187:16)
    at bootstrap_node.js:608:3
[2018-03-03 16:08:11] [ERROR] Error: /Users/zening/Desktop/card_server/app/controller/public.js: Error: Cannot find module 'request-promise'
    at load (/Users/zening/Desktop/card_server/node_modules/think_loader/index.js:126:15)
    at loader (/Users/zening/Desktop/card_server/node_modules/think_loader/index.js:31:17)
    at Object.loadControllers (/Users/zening/Desktop/card_server/node_modules/thinkkoa/lib/util/loader.js:114:40)
    at ThinkKoa.listen (/Users/zening/Desktop/card_server/node_modules/thinkkoa/lib/thinkkoa.js:239:16)
    at Object.<anonymous> (/Users/zening/Desktop/card_server/index.js:19:5)
    at Module._compile (module.js:643:30)
    at Object.Module._extensions..js (module.js:654:10)
    at Module.load (module.js:556:32)
    at tryModuleLoad (module.js:499:12)
    at Function.Module._load (module.js:491:3)
    at Function.Module.runMain (module.js:684:10)
    at startup (bootstrap_node.js:187:16)
    at bootstrap_node.js:608:3
[2018-03-03 16:08:11] [ERROR] Error: /Users/zening/Desktop/card_server/app/controller/public.js: Error: Cannot find module 'request-promise'
    at load (/Users/zening/Desktop/card_server/node_modules/think_loader/index.js:126:15)
    at loader (/Users/zening/Desktop/card_server/node_modules/think_loader/index.js:31:17)
    at Object.loadControllers (/Users/zening/Desktop/card_server/node_modules/thinkkoa/lib/util/loader.js:114:40)
    at ThinkKoa.listen (/Users/zening/Desktop/card_server/node_modules/thinkkoa/lib/thinkkoa.js:239:16)
    at Object.<anonymous> (/Users/zening/Desktop/card_server/index.js:19:5)
    at Module._compile (module.js:643:30)
    at Object.Module._extensions..js (module.js:654:10)
    at Module.load (module.js:556:32)
    at tryModuleLoad (module.js:499:12)
    at Function.Module._load (module.js:491:3)
    at Function.Module.runMain (module.js:684:10)
    at startup (bootstrap_node.js:187:16)
    at bootstrap_node.js:608:3
[2018-03-03 16:08:12] [ERROR] Error: /Users/zening/Desktop/card_server/app/controller/public.js: Error: Cannot find module 'request-promise'
    at load (/Users/zening/Desktop/card_server/node_modules/think_loader/index.js:126:15)
    at loader (/Users/zening/Desktop/card_server/node_modules/think_loader/index.js:31:17)
    at Object.loadControllers (/Users/zening/Desktop/card_server/node_modules/thinkkoa/lib/util/loader.js:114:40)
    at ThinkKoa.listen (/Users/zening/Desktop/card_server/node_modules/thinkkoa/lib/thinkkoa.js:239:16)
    at Object.<anonymous> (/Users/zening/Desktop/card_server/index.js:19:5)
    at Module._compile (module.js:643:30)
    at Object.Module._extensions..js (module.js:654:10)
    at Module.load (module.js:556:32)
    at tryModuleLoad (module.js:499:12)
    at Function.Module._load (module.js:491:3)
    at Function.Module.runMain (module.js:684:10)
    at startup (bootstrap_node.js:187:16)
    at bootstrap_node.js:608:3
[2018-03-03 16:08:12] [ERROR] Error: /Users/zening/Desktop/card_server/app/controller/public.js: Error: Cannot find module 'request-promise'
    at load (/Users/zening/Desktop/card_server/node_modules/think_loader/index.js:126:15)
    at loader (/Users/zening/Desktop/card_server/node_modules/think_loader/index.js:31:17)
    at Object.loadControllers (/Users/zening/Desktop/card_server/node_modules/thinkkoa/lib/util/loader.js:114:40)
    at ThinkKoa.listen (/Users/zening/Desktop/card_server/node_modules/thinkkoa/lib/thinkkoa.js:239:16)
    at Object.<anonymous> (/Users/zening/Desktop/card_server/index.js:19:5)
    at Module._compile (module.js:643:30)
    at Object.Module._extensions..js (module.js:654:10)
    at Module.load (module.js:556:32)
    at tryModuleLoad (module.js:499:12)
    at Function.Module._load (module.js:491:3)
    at Function.Module.runMain (module.js:684:10)
    at startup (bootstrap_node.js:187:16)
    at bootstrap_node.js:608:3
[2018-03-03 16:08:12] [ERROR] Error: /Users/zening/Desktop/card_server/app/controller/public.js: Error: Cannot find module 'request-promise'
    at load (/Users/zening/Desktop/card_server/node_modules/think_loader/index.js:126:15)
    at loader (/Users/zening/Desktop/card_server/node_modules/think_loader/index.js:31:17)
    at Object.loadControllers (/Users/zening/Desktop/card_server/node_modules/thinkkoa/lib/util/loader.js:114:40)
    at ThinkKoa.listen (/Users/zening/Desktop/card_server/node_modules/thinkkoa/lib/thinkkoa.js:239:16)
    at Object.<anonymous> (/Users/zening/Desktop/card_server/index.js:19:5)
    at Module._compile (module.js:643:30)
    at Object.Module._extensions..js (module.js:654:10)
    at Module.load (module.js:556:32)
    at tryModuleLoad (module.js:499:12)
    at Function.Module._load (module.js:491:3)
    at Function.Module.runMain (module.js:684:10)
    at startup (bootstrap_node.js:187:16)
    at bootstrap_node.js:608:3
[2018-03-03 16:08:12] [ERROR] Error: /Users/zening/Desktop/card_server/app/controller/public.js: Error: Cannot find module 'request-promise'
    at load (/Users/zening/Desktop/card_server/node_modules/think_loader/index.js:126:15)
    at loader (/Users/zening/Desktop/card_server/node_modules/think_loader/index.js:31:17)
    at Object.loadControllers (/Users/zening/Desktop/card_server/node_modules/thinkkoa/lib/util/loader.js:114:40)
    at ThinkKoa.listen (/Users/zening/Desktop/card_server/node_modules/thinkkoa/lib/thinkkoa.js:239:16)
    at Object.<anonymous> (/Users/zening/Desktop/card_server/index.js:19:5)
    at Module._compile (module.js:643:30)
    at Object.Module._extensions..js (module.js:654:10)
    at Module.load (module.js:556:32)
    at tryModuleLoad (module.js:499:12)
    at Function.Module._load (module.js:491:3)
    at Function.Module.runMain (module.js:684:10)
    at startup (bootstrap_node.js:187:16)
    at bootstrap_node.js:608:3
[2018-03-03 16:08:12] [ERROR] Error: /Users/zening/Desktop/card_server/app/controller/public.js: Error: Cannot find module 'request-promise'
    at load (/Users/zening/Desktop/card_server/node_modules/think_loader/index.js:126:15)
    at loader (/Users/zening/Desktop/card_server/node_modules/think_loader/index.js:31:17)
    at Object.loadControllers (/Users/zening/Desktop/card_server/node_modules/thinkkoa/lib/util/loader.js:114:40)
    at ThinkKoa.listen (/Users/zening/Desktop/card_server/node_modules/thinkkoa/lib/thinkkoa.js:239:16)
    at Object.<anonymous> (/Users/zening/Desktop/card_server/index.js:19:5)
    at Module._compile (module.js:643:30)
    at Object.Module._extensions..js (module.js:654:10)
    at Module.load (module.js:556:32)
    at tryModuleLoad (module.js:499:12)
    at Function.Module._load (module.js:491:3)
    at Function.Module.runMain (module.js:684:10)
    at startup (bootstrap_node.js:187:16)
    at bootstrap_node.js:608:3
[2018-03-03 16:08:13] [ERROR] Error: /Users/zening/Desktop/card_server/app/controller/public.js: Error: Cannot find module 'request-promise'
    at load (/Users/zening/Desktop/card_server/node_modules/think_loader/index.js:126:15)
    at loader (/Users/zening/Desktop/card_server/node_modules/think_loader/index.js:31:17)
    at Object.loadControllers (/Users/zening/Desktop/card_server/node_modules/thinkkoa/lib/util/loader.js:114:40)
    at ThinkKoa.listen (/Users/zening/Desktop/card_server/node_modules/thinkkoa/lib/thinkkoa.js:239:16)
    at Object.<anonymous> (/Users/zening/Desktop/card_server/index.js:19:5)
    at Module._compile (module.js:643:30)
    at Object.Module._extensions..js (module.js:654:10)
    at Module.load (module.js:556:32)
    at tryModuleLoad (module.js:499:12)
    at Function.Module._load (module.js:491:3)
    at Function.Module.runMain (module.js:684:10)
    at startup (bootstrap_node.js:187:16)
    at bootstrap_node.js:608:3
[2018-03-03 16:08:13] [ERROR] Error: /Users/zening/Desktop/card_server/app/controller/public.js: Error: Cannot find module 'request-promise'
    at load (/Users/zening/Desktop/card_server/node_modules/think_loader/index.js:126:15)
    at loader (/Users/zening/Desktop/card_server/node_modules/think_loader/index.js:31:17)
    at Object.loadControllers (/Users/zening/Desktop/card_server/node_modules/thinkkoa/lib/util/loader.js:114:40)
    at ThinkKoa.listen (/Users/zening/Desktop/card_server/node_modules/thinkkoa/lib/thinkkoa.js:239:16)
    at Object.<anonymous> (/Users/zening/Desktop/card_server/index.js:19:5)
    at Module._compile (module.js:643:30)
    at Object.Module._extensions..js (module.js:654:10)
    at Module.load (module.js:556:32)
    at tryModuleLoad (module.js:499:12)
    at Function.Module._load (module.js:491:3)
    at Function.Module.runMain (module.js:684:10)
    at startup (bootstrap_node.js:187:16)
    at bootstrap_node.js:608:3
[2018-03-03 16:08:13] [ERROR] Error: /Users/zening/Desktop/card_server/app/controller/public.js: Error: Cannot find module 'request-promise'
    at load (/Users/zening/Desktop/card_server/node_modules/think_loader/index.js:126:15)
    at loader (/Users/zening/Desktop/card_server/node_modules/think_loader/index.js:31:17)
    at Object.loadControllers (/Users/zening/Desktop/card_server/node_modules/thinkkoa/lib/util/loader.js:114:40)
    at ThinkKoa.listen (/Users/zening/Desktop/card_server/node_modules/thinkkoa/lib/thinkkoa.js:239:16)
    at Object.<anonymous> (/Users/zening/Desktop/card_server/index.js:19:5)
    at Module._compile (module.js:643:30)
    at Object.Module._extensions..js (module.js:654:10)
    at Module.load (module.js:556:32)
    at tryModuleLoad (module.js:499:12)
    at Function.Module._load (module.js:491:3)
    at Function.Module.runMain (module.js:684:10)
    at startup (bootstrap_node.js:187:16)
    at bootstrap_node.js:608:3
[2018-03-03 16:08:13] [ERROR] Error: /Users/zening/Desktop/card_server/app/controller/public.js: Error: Cannot find module 'request-promise'
    at load (/Users/zening/Desktop/card_server/node_modules/think_loader/index.js:126:15)
    at loader (/Users/zening/Desktop/card_server/node_modules/think_loader/index.js:31:17)
    at Object.loadControllers (/Users/zening/Desktop/card_server/node_modules/thinkkoa/lib/util/loader.js:114:40)
    at ThinkKoa.listen (/Users/zening/Desktop/card_server/node_modules/thinkkoa/lib/thinkkoa.js:239:16)
    at Object.<anonymous> (/Users/zening/Desktop/card_server/index.js:19:5)
    at Module._compile (module.js:643:30)
    at Object.Module._extensions..js (module.js:654:10)
    at Module.load (module.js:556:32)
    at tryModuleLoad (module.js:499:12)
    at Function.Module._load (module.js:491:3)
    at Function.Module.runMain (module.js:684:10)
    at startup (bootstrap_node.js:187:16)
    at bootstrap_node.js:608:3
[2018-03-03 16:08:13] [ERROR] Error: /Users/zening/Desktop/card_server/app/controller/public.js: Error: Cannot find module 'request-promise'
    at load (/Users/zening/Desktop/card_server/node_modules/think_loader/index.js:126:15)
    at loader (/Users/zening/Desktop/card_server/node_modules/think_loader/index.js:31:17)
    at Object.loadControllers (/Users/zening/Desktop/card_server/node_modules/thinkkoa/lib/util/loader.js:114:40)
    at ThinkKoa.listen (/Users/zening/Desktop/card_server/node_modules/thinkkoa/lib/thinkkoa.js:239:16)
    at Object.<anonymous> (/Users/zening/Desktop/card_server/index.js:19:5)
    at Module._compile (module.js:643:30)
    at Object.Module._extensions..js (module.js:654:10)
    at Module.load (module.js:556:32)
    at tryModuleLoad (module.js:499:12)
    at Function.Module._load (module.js:491:3)
    at Function.Module.runMain (module.js:684:10)
    at startup (bootstrap_node.js:187:16)
    at bootstrap_node.js:608:3
[2018-03-03 16:08:14] [ERROR] Error: /Users/zening/Desktop/card_server/app/controller/public.js: Error: Cannot find module 'request-promise'
    at load (/Users/zening/Desktop/card_server/node_modules/think_loader/index.js:126:15)
    at loader (/Users/zening/Desktop/card_server/node_modules/think_loader/index.js:31:17)
    at Object.loadControllers (/Users/zening/Desktop/card_server/node_modules/thinkkoa/lib/util/loader.js:114:40)
    at ThinkKoa.listen (/Users/zening/Desktop/card_server/node_modules/thinkkoa/lib/thinkkoa.js:239:16)
    at Object.<anonymous> (/Users/zening/Desktop/card_server/index.js:19:5)
    at Module._compile (module.js:643:30)
    at Object.Module._extensions..js (module.js:654:10)
    at Module.load (module.js:556:32)
    at tryModuleLoad (module.js:499:12)
    at Function.Module._load (module.js:491:3)
    at Function.Module.runMain (module.js:684:10)
    at startup (bootstrap_node.js:187:16)
    at bootstrap_node.js:608:3
[2018-03-03 16:08:14] [ERROR] Error: /Users/zening/Desktop/card_server/app/controller/public.js: Error: Cannot find module 'request-promise'
    at load (/Users/zening/Desktop/card_server/node_modules/think_loader/index.js:126:15)
    at loader (/Users/zening/Desktop/card_server/node_modules/think_loader/index.js:31:17)
    at Object.loadControllers (/Users/zening/Desktop/card_server/node_modules/thinkkoa/lib/util/loader.js:114:40)
    at ThinkKoa.listen (/Users/zening/Desktop/card_server/node_modules/thinkkoa/lib/thinkkoa.js:239:16)
    at Object.<anonymous> (/Users/zening/Desktop/card_server/index.js:19:5)
    at Module._compile (module.js:643:30)
    at Object.Module._extensions..js (module.js:654:10)
    at Module.load (module.js:556:32)
    at tryModuleLoad (module.js:499:12)
    at Function.Module._load (module.js:491:3)
    at Function.Module.runMain (module.js:684:10)
    at startup (bootstrap_node.js:187:16)
    at bootstrap_node.js:608:3
[2018-03-03 16:08:14] [ERROR] Error: /Users/zening/Desktop/card_server/app/controller/public.js: Error: Cannot find module 'request-promise'
    at load (/Users/zening/Desktop/card_server/node_modules/think_loader/index.js:126:15)
    at loader (/Users/zening/Desktop/card_server/node_modules/think_loader/index.js:31:17)
    at Object.loadControllers (/Users/zening/Desktop/card_server/node_modules/thinkkoa/lib/util/loader.js:114:40)
    at ThinkKoa.listen (/Users/zening/Desktop/card_server/node_modules/thinkkoa/lib/thinkkoa.js:239:16)
    at Object.<anonymous> (/Users/zening/Desktop/card_server/index.js:19:5)
    at Module._compile (module.js:643:30)
    at Object.Module._extensions..js (module.js:654:10)
    at Module.load (module.js:556:32)
    at tryModuleLoad (module.js:499:12)
    at Function.Module._load (module.js:491:3)
    at Function.Module.runMain (module.js:684:10)
    at startup (bootstrap_node.js:187:16)
    at bootstrap_node.js:608:3
[2018-03-03 16:08:14] [ERROR] Error: /Users/zening/Desktop/card_server/app/controller/public.js: Error: Cannot find module 'request-promise'
    at load (/Users/zening/Desktop/card_server/node_modules/think_loader/index.js:126:15)
    at loader (/Users/zening/Desktop/card_server/node_modules/think_loader/index.js:31:17)
    at Object.loadControllers (/Users/zening/Desktop/card_server/node_modules/thinkkoa/lib/util/loader.js:114:40)
    at ThinkKoa.listen (/Users/zening/Desktop/card_server/node_modules/thinkkoa/lib/thinkkoa.js:239:16)
    at Object.<anonymous> (/Users/zening/Desktop/card_server/index.js:19:5)
    at Module._compile (module.js:643:30)
    at Object.Module._extensions..js (module.js:654:10)
    at Module.load (module.js:556:32)
    at tryModuleLoad (module.js:499:12)
    at Function.Module._load (module.js:491:3)
    at Function.Module.runMain (module.js:684:10)
    at startup (bootstrap_node.js:187:16)
    at bootstrap_node.js:608:3
[2018-03-03 16:08:14] [ERROR] Error: /Users/zening/Desktop/card_server/app/controller/public.js: Error: Cannot find module 'request-promise'
    at load (/Users/zening/Desktop/card_server/node_modules/think_loader/index.js:126:15)
    at loader (/Users/zening/Desktop/card_server/node_modules/think_loader/index.js:31:17)
    at Object.loadControllers (/Users/zening/Desktop/card_server/node_modules/thinkkoa/lib/util/loader.js:114:40)
    at ThinkKoa.listen (/Users/zening/Desktop/card_server/node_modules/thinkkoa/lib/thinkkoa.js:239:16)
    at Object.<anonymous> (/Users/zening/Desktop/card_server/index.js:19:5)
    at Module._compile (module.js:643:30)
    at Object.Module._extensions..js (module.js:654:10)
    at Module.load (module.js:556:32)
    at tryModuleLoad (module.js:499:12)
    at Function.Module._load (module.js:491:3)
    at Function.Module.runMain (module.js:684:10)
    at startup (bootstrap_node.js:187:16)
    at bootstrap_node.js:608:3
[2018-03-03 16:08:15] [ERROR] Error: /Users/zening/Desktop/card_server/app/controller/public.js: Error: Cannot find module 'request-promise'
    at load (/Users/zening/Desktop/card_server/node_modules/think_loader/index.js:126:15)
    at loader (/Users/zening/Desktop/card_server/node_modules/think_loader/index.js:31:17)
    at Object.loadControllers (/Users/zening/Desktop/card_server/node_modules/thinkkoa/lib/util/loader.js:114:40)
    at ThinkKoa.listen (/Users/zening/Desktop/card_server/node_modules/thinkkoa/lib/thinkkoa.js:239:16)
    at Object.<anonymous> (/Users/zening/Desktop/card_server/index.js:19:5)
    at Module._compile (module.js:643:30)
    at Object.Module._extensions..js (module.js:654:10)
    at Module.load (module.js:556:32)
    at tryModuleLoad (module.js:499:12)
    at Function.Module._load (module.js:491:3)
    at Function.Module.runMain (module.js:684:10)
    at startup (bootstrap_node.js:187:16)
    at bootstrap_node.js:608:3
[2018-03-03 16:08:15] [ERROR] Error: /Users/zening/Desktop/card_server/app/controller/public.js: Error: Cannot find module 'request-promise'
    at load (/Users/zening/Desktop/card_server/node_modules/think_loader/index.js:126:15)
    at loader (/Users/zening/Desktop/card_server/node_modules/think_loader/index.js:31:17)
    at Object.loadControllers (/Users/zening/Desktop/card_server/node_modules/thinkkoa/lib/util/loader.js:114:40)
    at ThinkKoa.listen (/Users/zening/Desktop/card_server/node_modules/thinkkoa/lib/thinkkoa.js:239:16)
    at Object.<anonymous> (/Users/zening/Desktop/card_server/index.js:19:5)
    at Module._compile (module.js:643:30)
    at Object.Module._extensions..js (module.js:654:10)
    at Module.load (module.js:556:32)
    at tryModuleLoad (module.js:499:12)
    at Function.Module._load (module.js:491:3)
    at Function.Module.runMain (module.js:684:10)
    at startup (bootstrap_node.js:187:16)
    at bootstrap_node.js:608:3
[2018-03-03 16:08:15] [ERROR] Error: /Users/zening/Desktop/card_server/app/controller/public.js: Error: Cannot find module 'request-promise'
    at load (/Users/zening/Desktop/card_server/node_modules/think_loader/index.js:126:15)
    at loader (/Users/zening/Desktop/card_server/node_modules/think_loader/index.js:31:17)
    at Object.loadControllers (/Users/zening/Desktop/card_server/node_modules/thinkkoa/lib/util/loader.js:114:40)
    at ThinkKoa.listen (/Users/zening/Desktop/card_server/node_modules/thinkkoa/lib/thinkkoa.js:239:16)
    at Object.<anonymous> (/Users/zening/Desktop/card_server/index.js:19:5)
    at Module._compile (module.js:643:30)
    at Object.Module._extensions..js (module.js:654:10)
    at Module.load (module.js:556:32)
    at tryModuleLoad (module.js:499:12)
    at Function.Module._load (module.js:491:3)
    at Function.Module.runMain (module.js:684:10)
    at startup (bootstrap_node.js:187:16)
    at bootstrap_node.js:608:3
[2018-03-03 16:08:15] [ERROR] Error: /Users/zening/Desktop/card_server/app/controller/public.js: Error: Cannot find module 'request-promise'
    at load (/Users/zening/Desktop/card_server/node_modules/think_loader/index.js:126:15)
    at loader (/Users/zening/Desktop/card_server/node_modules/think_loader/index.js:31:17)
    at Object.loadControllers (/Users/zening/Desktop/card_server/node_modules/thinkkoa/lib/util/loader.js:114:40)
    at ThinkKoa.listen (/Users/zening/Desktop/card_server/node_modules/thinkkoa/lib/thinkkoa.js:239:16)
    at Object.<anonymous> (/Users/zening/Desktop/card_server/index.js:19:5)
    at Module._compile (module.js:643:30)
    at Object.Module._extensions..js (module.js:654:10)
    at Module.load (module.js:556:32)
    at tryModuleLoad (module.js:499:12)
    at Function.Module._load (module.js:491:3)
    at Function.Module.runMain (module.js:684:10)
    at startup (bootstrap_node.js:187:16)
    at bootstrap_node.js:608:3
[2018-03-03 16:08:16] [ERROR] Error: /Users/zening/Desktop/card_server/app/controller/public.js: Error: Cannot find module 'request-promise'
    at load (/Users/zening/Desktop/card_server/node_modules/think_loader/index.js:126:15)
    at loader (/Users/zening/Desktop/card_server/node_modules/think_loader/index.js:31:17)
    at Object.loadControllers (/Users/zening/Desktop/card_server/node_modules/thinkkoa/lib/util/loader.js:114:40)
    at ThinkKoa.listen (/Users/zening/Desktop/card_server/node_modules/thinkkoa/lib/thinkkoa.js:239:16)
    at Object.<anonymous> (/Users/zening/Desktop/card_server/index.js:19:5)
    at Module._compile (module.js:643:30)
    at Object.Module._extensions..js (module.js:654:10)
    at Module.load (module.js:556:32)
    at tryModuleLoad (module.js:499:12)
    at Function.Module._load (module.js:491:3)
    at Function.Module.runMain (module.js:684:10)
    at startup (bootstrap_node.js:187:16)
    at bootstrap_node.js:608:3
[2018-03-03 16:08:16] [ERROR] Error: /Users/zening/Desktop/card_server/app/controller/public.js: Error: Cannot find module 'request-promise'
    at load (/Users/zening/Desktop/card_server/node_modules/think_loader/index.js:126:15)
    at loader (/Users/zening/Desktop/card_server/node_modules/think_loader/index.js:31:17)
    at Object.loadControllers (/Users/zening/Desktop/card_server/node_modules/thinkkoa/lib/util/loader.js:114:40)
    at ThinkKoa.listen (/Users/zening/Desktop/card_server/node_modules/thinkkoa/lib/thinkkoa.js:239:16)
    at Object.<anonymous> (/Users/zening/Desktop/card_server/index.js:19:5)
    at Module._compile (module.js:643:30)
    at Object.Module._extensions..js (module.js:654:10)
    at Module.load (module.js:556:32)
    at tryModuleLoad (module.js:499:12)
    at Function.Module._load (module.js:491:3)
    at Function.Module.runMain (module.js:684:10)
    at startup (bootstrap_node.js:187:16)
    at bootstrap_node.js:608:3
[2018-03-03 16:08:16] [ERROR] Error: /Users/zening/Desktop/card_server/app/controller/public.js: Error: Cannot find module 'request-promise'
    at load (/Users/zening/Desktop/card_server/node_modules/think_loader/index.js:126:15)
    at loader (/Users/zening/Desktop/card_server/node_modules/think_loader/index.js:31:17)
    at Object.loadControllers (/Users/zening/Desktop/card_server/node_modules/thinkkoa/lib/util/loader.js:114:40)
    at ThinkKoa.listen (/Users/zening/Desktop/card_server/node_modules/thinkkoa/lib/thinkkoa.js:239:16)
    at Object.<anonymous> (/Users/zening/Desktop/card_server/index.js:19:5)
    at Module._compile (module.js:643:30)
    at Object.Module._extensions..js (module.js:654:10)
    at Module.load (module.js:556:32)
    at tryModuleLoad (module.js:499:12)
    at Function.Module._load (module.js:491:3)
    at Function.Module.runMain (module.js:684:10)
    at startup (bootstrap_node.js:187:16)
    at bootstrap_node.js:608:3
[2018-03-03 16:08:16] [ERROR] Error: /Users/zening/Desktop/card_server/app/controller/public.js: Error: Cannot find module 'request-promise'
    at load (/Users/zening/Desktop/card_server/node_modules/think_loader/index.js:126:15)
    at loader (/Users/zening/Desktop/card_server/node_modules/think_loader/index.js:31:17)
    at Object.loadControllers (/Users/zening/Desktop/card_server/node_modules/thinkkoa/lib/util/loader.js:114:40)
    at ThinkKoa.listen (/Users/zening/Desktop/card_server/node_modules/thinkkoa/lib/thinkkoa.js:239:16)
    at Object.<anonymous> (/Users/zening/Desktop/card_server/index.js:19:5)
    at Module._compile (module.js:643:30)
    at Object.Module._extensions..js (module.js:654:10)
    at Module.load (module.js:556:32)
    at tryModuleLoad (module.js:499:12)
    at Function.Module._load (module.js:491:3)
    at Function.Module.runMain (module.js:684:10)
    at startup (bootstrap_node.js:187:16)
    at bootstrap_node.js:608:3
[2018-03-03 16:08:16] [ERROR] Error: /Users/zening/Desktop/card_server/app/controller/public.js: Error: Cannot find module 'request-promise'
    at load (/Users/zening/Desktop/card_server/node_modules/think_loader/index.js:126:15)
    at loader (/Users/zening/Desktop/card_server/node_modules/think_loader/index.js:31:17)
    at Object.loadControllers (/Users/zening/Desktop/card_server/node_modules/thinkkoa/lib/util/loader.js:114:40)
    at ThinkKoa.listen (/Users/zening/Desktop/card_server/node_modules/thinkkoa/lib/thinkkoa.js:239:16)
    at Object.<anonymous> (/Users/zening/Desktop/card_server/index.js:19:5)
    at Module._compile (module.js:643:30)
    at Object.Module._extensions..js (module.js:654:10)
    at Module.load (module.js:556:32)
    at tryModuleLoad (module.js:499:12)
    at Function.Module._load (module.js:491:3)
    at Function.Module.runMain (module.js:684:10)
    at startup (bootstrap_node.js:187:16)
    at bootstrap_node.js:608:3
[2018-03-03 16:08:17] [ERROR] Error: /Users/zening/Desktop/card_server/app/controller/public.js: Error: Cannot find module 'request-promise'
    at load (/Users/zening/Desktop/card_server/node_modules/think_loader/index.js:126:15)
    at loader (/Users/zening/Desktop/card_server/node_modules/think_loader/index.js:31:17)
    at Object.loadControllers (/Users/zening/Desktop/card_server/node_modules/thinkkoa/lib/util/loader.js:114:40)
    at ThinkKoa.listen (/Users/zening/Desktop/card_server/node_modules/thinkkoa/lib/thinkkoa.js:239:16)
    at Object.<anonymous> (/Users/zening/Desktop/card_server/index.js:19:5)
    at Module._compile (module.js:643:30)
    at Object.Module._extensions..js (module.js:654:10)
    at Module.load (module.js:556:32)
    at tryModuleLoad (module.js:499:12)
    at Function.Module._load (module.js:491:3)
    at Function.Module.runMain (module.js:684:10)
    at startup (bootstrap_node.js:187:16)
    at bootstrap_node.js:608:3
[2018-03-03 16:08:17] [ERROR] Error: /Users/zening/Desktop/card_server/app/controller/public.js: Error: Cannot find module 'request-promise'
    at load (/Users/zening/Desktop/card_server/node_modules/think_loader/index.js:126:15)
    at loader (/Users/zening/Desktop/card_server/node_modules/think_loader/index.js:31:17)
    at Object.loadControllers (/Users/zening/Desktop/card_server/node_modules/thinkkoa/lib/util/loader.js:114:40)
    at ThinkKoa.listen (/Users/zening/Desktop/card_server/node_modules/thinkkoa/lib/thinkkoa.js:239:16)
    at Object.<anonymous> (/Users/zening/Desktop/card_server/index.js:19:5)
    at Module._compile (module.js:643:30)
    at Object.Module._extensions..js (module.js:654:10)
    at Module.load (module.js:556:32)
    at tryModuleLoad (module.js:499:12)
    at Function.Module._load (module.js:491:3)
    at Function.Module.runMain (module.js:684:10)
    at startup (bootstrap_node.js:187:16)
    at bootstrap_node.js:608:3
[2018-03-03 16:08:18] [ERROR] Error: /Users/zening/Desktop/card_server/app/controller/public.js: Error: Cannot find module 'request-promise'
    at load (/Users/zening/Desktop/card_server/node_modules/think_loader/index.js:126:15)
    at loader (/Users/zening/Desktop/card_server/node_modules/think_loader/index.js:31:17)
    at Object.loadControllers (/Users/zening/Desktop/card_server/node_modules/thinkkoa/lib/util/loader.js:114:40)
    at ThinkKoa.listen (/Users/zening/Desktop/card_server/node_modules/thinkkoa/lib/thinkkoa.js:239:16)
    at Object.<anonymous> (/Users/zening/Desktop/card_server/index.js:19:5)
    at Module._compile (module.js:643:30)
    at Object.Module._extensions..js (module.js:654:10)
    at Module.load (module.js:556:32)
    at tryModuleLoad (module.js:499:12)
    at Function.Module._load (module.js:491:3)
    at Function.Module.runMain (module.js:684:10)
    at startup (bootstrap_node.js:187:16)
    at bootstrap_node.js:608:3
[2018-03-03 16:08:18] [ERROR] Error: /Users/zening/Desktop/card_server/app/controller/public.js: Error: Cannot find module 'request-promise'
    at load (/Users/zening/Desktop/card_server/node_modules/think_loader/index.js:126:15)
    at loader (/Users/zening/Desktop/card_server/node_modules/think_loader/index.js:31:17)
    at Object.loadControllers (/Users/zening/Desktop/card_server/node_modules/thinkkoa/lib/util/loader.js:114:40)
    at ThinkKoa.listen (/Users/zening/Desktop/card_server/node_modules/thinkkoa/lib/thinkkoa.js:239:16)
    at Object.<anonymous> (/Users/zening/Desktop/card_server/index.js:19:5)
    at Module._compile (module.js:643:30)
    at Object.Module._extensions..js (module.js:654:10)
    at Module.load (module.js:556:32)
    at tryModuleLoad (module.js:499:12)
    at Function.Module._load (module.js:491:3)
    at Function.Module.runMain (module.js:684:10)
    at startup (bootstrap_node.js:187:16)
    at bootstrap_node.js:608:3
[2018-03-03 16:08:18] [ERROR] Error: /Users/zening/Desktop/card_server/app/controller/public.js: Error: Cannot find module 'request-promise'
    at load (/Users/zening/Desktop/card_server/node_modules/think_loader/index.js:126:15)
    at loader (/Users/zening/Desktop/card_server/node_modules/think_loader/index.js:31:17)
    at Object.loadControllers (/Users/zening/Desktop/card_server/node_modules/thinkkoa/lib/util/loader.js:114:40)
    at ThinkKoa.listen (/Users/zening/Desktop/card_server/node_modules/thinkkoa/lib/thinkkoa.js:239:16)
    at Object.<anonymous> (/Users/zening/Desktop/card_server/index.js:19:5)
    at Module._compile (module.js:643:30)
    at Object.Module._extensions..js (module.js:654:10)
    at Module.load (module.js:556:32)
    at tryModuleLoad (module.js:499:12)
    at Function.Module._load (module.js:491:3)
    at Function.Module.runMain (module.js:684:10)
    at startup (bootstrap_node.js:187:16)
    at bootstrap_node.js:608:3
[2018-03-03 16:08:18] [ERROR] Error: /Users/zening/Desktop/card_server/app/controller/public.js: Error: Cannot find module 'request-promise'
    at load (/Users/zening/Desktop/card_server/node_modules/think_loader/index.js:126:15)
    at loader (/Users/zening/Desktop/card_server/node_modules/think_loader/index.js:31:17)
    at Object.loadControllers (/Users/zening/Desktop/card_server/node_modules/thinkkoa/lib/util/loader.js:114:40)
    at ThinkKoa.listen (/Users/zening/Desktop/card_server/node_modules/thinkkoa/lib/thinkkoa.js:239:16)
    at Object.<anonymous> (/Users/zening/Desktop/card_server/index.js:19:5)
    at Module._compile (module.js:643:30)
    at Object.Module._extensions..js (module.js:654:10)
    at Module.load (module.js:556:32)
    at tryModuleLoad (module.js:499:12)
    at Function.Module._load (module.js:491:3)
    at Function.Module.runMain (module.js:684:10)
    at startup (bootstrap_node.js:187:16)
    at bootstrap_node.js:608:3
[2018-03-03 16:08:19] [ERROR] Error: /Users/zening/Desktop/card_server/app/controller/public.js: Error: Cannot find module 'request-promise'
    at load (/Users/zening/Desktop/card_server/node_modules/think_loader/index.js:126:15)
    at loader (/Users/zening/Desktop/card_server/node_modules/think_loader/index.js:31:17)
    at Object.loadControllers (/Users/zening/Desktop/card_server/node_modules/thinkkoa/lib/util/loader.js:114:40)
    at ThinkKoa.listen (/Users/zening/Desktop/card_server/node_modules/thinkkoa/lib/thinkkoa.js:239:16)
    at Object.<anonymous> (/Users/zening/Desktop/card_server/index.js:19:5)
    at Module._compile (module.js:643:30)
    at Object.Module._extensions..js (module.js:654:10)
    at Module.load (module.js:556:32)
    at tryModuleLoad (module.js:499:12)
    at Function.Module._load (module.js:491:3)
    at Function.Module.runMain (module.js:684:10)
    at startup (bootstrap_node.js:187:16)
    at bootstrap_node.js:608:3
[2018-03-03 16:08:19] [ERROR] Error: /Users/zening/Desktop/card_server/app/controller/public.js: Error: Cannot find module 'request-promise'
    at load (/Users/zening/Desktop/card_server/node_modules/think_loader/index.js:126:15)
    at loader (/Users/zening/Desktop/card_server/node_modules/think_loader/index.js:31:17)
    at Object.loadControllers (/Users/zening/Desktop/card_server/node_modules/thinkkoa/lib/util/loader.js:114:40)
    at ThinkKoa.listen (/Users/zening/Desktop/card_server/node_modules/thinkkoa/lib/thinkkoa.js:239:16)
    at Object.<anonymous> (/Users/zening/Desktop/card_server/index.js:19:5)
    at Module._compile (module.js:643:30)
    at Object.Module._extensions..js (module.js:654:10)
    at Module.load (module.js:556:32)
    at tryModuleLoad (module.js:499:12)
    at Function.Module._load (module.js:491:3)
    at Function.Module.runMain (module.js:684:10)
    at startup (bootstrap_node.js:187:16)
    at bootstrap_node.js:608:3
[2018-03-03 16:08:19] [ERROR] Error: /Users/zening/Desktop/card_server/app/controller/public.js: Error: Cannot find module 'request-promise'
    at load (/Users/zening/Desktop/card_server/node_modules/think_loader/index.js:126:15)
    at loader (/Users/zening/Desktop/card_server/node_modules/think_loader/index.js:31:17)
    at Object.loadControllers (/Users/zening/Desktop/card_server/node_modules/thinkkoa/lib/util/loader.js:114:40)
    at ThinkKoa.listen (/Users/zening/Desktop/card_server/node_modules/thinkkoa/lib/thinkkoa.js:239:16)
    at Object.<anonymous> (/Users/zening/Desktop/card_server/index.js:19:5)
    at Module._compile (module.js:643:30)
    at Object.Module._extensions..js (module.js:654:10)
    at Module.load (module.js:556:32)
    at tryModuleLoad (module.js:499:12)
    at Function.Module._load (module.js:491:3)
    at Function.Module.runMain (module.js:684:10)
    at startup (bootstrap_node.js:187:16)
    at bootstrap_node.js:608:3
[2018-03-03 16:08:19] [ERROR] Error: /Users/zening/Desktop/card_server/app/controller/public.js: Error: Cannot find module 'request-promise'
    at load (/Users/zening/Desktop/card_server/node_modules/think_loader/index.js:126:15)
    at loader (/Users/zening/Desktop/card_server/node_modules/think_loader/index.js:31:17)
    at Object.loadControllers (/Users/zening/Desktop/card_server/node_modules/thinkkoa/lib/util/loader.js:114:40)
    at ThinkKoa.listen (/Users/zening/Desktop/card_server/node_modules/thinkkoa/lib/thinkkoa.js:239:16)
    at Object.<anonymous> (/Users/zening/Desktop/card_server/index.js:19:5)
    at Module._compile (module.js:643:30)
    at Object.Module._extensions..js (module.js:654:10)
    at Module.load (module.js:556:32)
    at tryModuleLoad (module.js:499:12)
    at Function.Module._load (module.js:491:3)
    at Function.Module.runMain (module.js:684:10)
    at startup (bootstrap_node.js:187:16)
    at bootstrap_node.js:608:3
[2018-03-03 16:08:19] [ERROR] Error: /Users/zening/Desktop/card_server/app/controller/public.js: Error: Cannot find module 'request-promise'
    at load (/Users/zening/Desktop/card_server/node_modules/think_loader/index.js:126:15)
    at loader (/Users/zening/Desktop/card_server/node_modules/think_loader/index.js:31:17)
    at Object.loadControllers (/Users/zening/Desktop/card_server/node_modules/thinkkoa/lib/util/loader.js:114:40)
    at ThinkKoa.listen (/Users/zening/Desktop/card_server/node_modules/thinkkoa/lib/thinkkoa.js:239:16)
    at Object.<anonymous> (/Users/zening/Desktop/card_server/index.js:19:5)
    at Module._compile (module.js:643:30)
    at Object.Module._extensions..js (module.js:654:10)
    at Module.load (module.js:556:32)
    at tryModuleLoad (module.js:499:12)
    at Function.Module._load (module.js:491:3)
    at Function.Module.runMain (module.js:684:10)
    at startup (bootstrap_node.js:187:16)
    at bootstrap_node.js:608:3
[2018-03-03 16:08:20] [ERROR] Error: /Users/zening/Desktop/card_server/app/controller/public.js: Error: Cannot find module 'request-promise'
    at load (/Users/zening/Desktop/card_server/node_modules/think_loader/index.js:126:15)
    at loader (/Users/zening/Desktop/card_server/node_modules/think_loader/index.js:31:17)
    at Object.loadControllers (/Users/zening/Desktop/card_server/node_modules/thinkkoa/lib/util/loader.js:114:40)
    at ThinkKoa.listen (/Users/zening/Desktop/card_server/node_modules/thinkkoa/lib/thinkkoa.js:239:16)
    at Object.<anonymous> (/Users/zening/Desktop/card_server/index.js:19:5)
    at Module._compile (module.js:643:30)
    at Object.Module._extensions..js (module.js:654:10)
    at Module.load (module.js:556:32)
    at tryModuleLoad (module.js:499:12)
    at Function.Module._load (module.js:491:3)
    at Function.Module.runMain (module.js:684:10)
    at startup (bootstrap_node.js:187:16)
    at bootstrap_node.js:608:3
[2018-03-03 16:08:20] [ERROR] Error: /Users/zening/Desktop/card_server/app/controller/public.js: Error: Cannot find module 'request-promise'
    at load (/Users/zening/Desktop/card_server/node_modules/think_loader/index.js:126:15)
    at loader (/Users/zening/Desktop/card_server/node_modules/think_loader/index.js:31:17)
    at Object.loadControllers (/Users/zening/Desktop/card_server/node_modules/thinkkoa/lib/util/loader.js:114:40)
    at ThinkKoa.listen (/Users/zening/Desktop/card_server/node_modules/thinkkoa/lib/thinkkoa.js:239:16)
    at Object.<anonymous> (/Users/zening/Desktop/card_server/index.js:19:5)
    at Module._compile (module.js:643:30)
    at Object.Module._extensions..js (module.js:654:10)
    at Module.load (module.js:556:32)
    at tryModuleLoad (module.js:499:12)
    at Function.Module._load (module.js:491:3)
    at Function.Module.runMain (module.js:684:10)
    at startup (bootstrap_node.js:187:16)
    at bootstrap_node.js:608:3
[2018-03-03 16:08:20] [ERROR] Error: /Users/zening/Desktop/card_server/app/controller/public.js: Error: Cannot find module 'request-promise'
    at load (/Users/zening/Desktop/card_server/node_modules/think_loader/index.js:126:15)
    at loader (/Users/zening/Desktop/card_server/node_modules/think_loader/index.js:31:17)
    at Object.loadControllers (/Users/zening/Desktop/card_server/node_modules/thinkkoa/lib/util/loader.js:114:40)
    at ThinkKoa.listen (/Users/zening/Desktop/card_server/node_modules/thinkkoa/lib/thinkkoa.js:239:16)
    at Object.<anonymous> (/Users/zening/Desktop/card_server/index.js:19:5)
    at Module._compile (module.js:643:30)
    at Object.Module._extensions..js (module.js:654:10)
    at Module.load (module.js:556:32)
    at tryModuleLoad (module.js:499:12)
    at Function.Module._load (module.js:491:3)
    at Function.Module.runMain (module.js:684:10)
    at startup (bootstrap_node.js:187:16)
    at bootstrap_node.js:608:3
[2018-03-03 16:08:20] [ERROR] Error: /Users/zening/Desktop/card_server/app/controller/public.js: Error: Cannot find module 'request-promise'
    at load (/Users/zening/Desktop/card_server/node_modules/think_loader/index.js:126:15)
    at loader (/Users/zening/Desktop/card_server/node_modules/think_loader/index.js:31:17)
    at Object.loadControllers (/Users/zening/Desktop/card_server/node_modules/thinkkoa/lib/util/loader.js:114:40)
    at ThinkKoa.listen (/Users/zening/Desktop/card_server/node_modules/thinkkoa/lib/thinkkoa.js:239:16)
    at Object.<anonymous> (/Users/zening/Desktop/card_server/index.js:19:5)
    at Module._compile (module.js:643:30)
    at Object.Module._extensions..js (module.js:654:10)
    at Module.load (module.js:556:32)
    at tryModuleLoad (module.js:499:12)
    at Function.Module._load (module.js:491:3)
    at Function.Module.runMain (module.js:684:10)
    at startup (bootstrap_node.js:187:16)
    at bootstrap_node.js:608:3
[2018-03-03 16:08:20] [ERROR] Error: /Users/zening/Desktop/card_server/app/controller/public.js: Error: Cannot find module 'request-promise'
    at load (/Users/zening/Desktop/card_server/node_modules/think_loader/index.js:126:15)
    at loader (/Users/zening/Desktop/card_server/node_modules/think_loader/index.js:31:17)
    at Object.loadControllers (/Users/zening/Desktop/card_server/node_modules/thinkkoa/lib/util/loader.js:114:40)
    at ThinkKoa.listen (/Users/zening/Desktop/card_server/node_modules/thinkkoa/lib/thinkkoa.js:239:16)
    at Object.<anonymous> (/Users/zening/Desktop/card_server/index.js:19:5)
    at Module._compile (module.js:643:30)
    at Object.Module._extensions..js (module.js:654:10)
    at Module.load (module.js:556:32)
    at tryModuleLoad (module.js:499:12)
    at Function.Module._load (module.js:491:3)
    at Function.Module.runMain (module.js:684:10)
    at startup (bootstrap_node.js:187:16)
    at bootstrap_node.js:608:3
[2018-03-03 16:08:20] [ERROR] Error: /Users/zening/Desktop/card_server/app/controller/public.js: Error: Cannot find module 'request-promise'
    at load (/Users/zening/Desktop/card_server/node_modules/think_loader/index.js:126:15)
    at loader (/Users/zening/Desktop/card_server/node_modules/think_loader/index.js:31:17)
    at Object.loadControllers (/Users/zening/Desktop/card_server/node_modules/thinkkoa/lib/util/loader.js:114:40)
    at ThinkKoa.listen (/Users/zening/Desktop/card_server/node_modules/thinkkoa/lib/thinkkoa.js:239:16)
    at Object.<anonymous> (/Users/zening/Desktop/card_server/index.js:19:5)
    at Module._compile (module.js:643:30)
    at Object.Module._extensions..js (module.js:654:10)
    at Module.load (module.js:556:32)
    at tryModuleLoad (module.js:499:12)
    at Function.Module._load (module.js:491:3)
    at Function.Module.runMain (module.js:684:10)
    at startup (bootstrap_node.js:187:16)
    at bootstrap_node.js:608:3
[2018-03-03 16:08:21] [ERROR] Error: /Users/zening/Desktop/card_server/app/controller/public.js: Error: Cannot find module 'request-promise'
    at load (/Users/zening/Desktop/card_server/node_modules/think_loader/index.js:126:15)
    at loader (/Users/zening/Desktop/card_server/node_modules/think_loader/index.js:31:17)
    at Object.loadControllers (/Users/zening/Desktop/card_server/node_modules/thinkkoa/lib/util/loader.js:114:40)
    at ThinkKoa.listen (/Users/zening/Desktop/card_server/node_modules/thinkkoa/lib/thinkkoa.js:239:16)
    at Object.<anonymous> (/Users/zening/Desktop/card_server/index.js:19:5)
    at Module._compile (module.js:643:30)
    at Object.Module._extensions..js (module.js:654:10)
    at Module.load (module.js:556:32)
    at tryModuleLoad (module.js:499:12)
    at Function.Module._load (module.js:491:3)
    at Function.Module.runMain (module.js:684:10)
    at startup (bootstrap_node.js:187:16)
    at bootstrap_node.js:608:3
[2018-03-03 16:08:21] [ERROR] Error: /Users/zening/Desktop/card_server/app/controller/public.js: Error: Cannot find module 'request-promise'
    at load (/Users/zening/Desktop/card_server/node_modules/think_loader/index.js:126:15)
    at loader (/Users/zening/Desktop/card_server/node_modules/think_loader/index.js:31:17)
    at Object.loadControllers (/Users/zening/Desktop/card_server/node_modules/thinkkoa/lib/util/loader.js:114:40)
    at ThinkKoa.listen (/Users/zening/Desktop/card_server/node_modules/thinkkoa/lib/thinkkoa.js:239:16)
    at Object.<anonymous> (/Users/zening/Desktop/card_server/index.js:19:5)
    at Module._compile (module.js:643:30)
    at Object.Module._extensions..js (module.js:654:10)
    at Module.load (module.js:556:32)
    at tryModuleLoad (module.js:499:12)
    at Function.Module._load (module.js:491:3)
    at Function.Module.runMain (module.js:684:10)
    at startup (bootstrap_node.js:187:16)
    at bootstrap_node.js:608:3
[2018-03-03 16:08:21] [ERROR] Error: /Users/zening/Desktop/card_server/app/controller/public.js: Error: Cannot find module 'request-promise'
    at load (/Users/zening/Desktop/card_server/node_modules/think_loader/index.js:126:15)
    at loader (/Users/zening/Desktop/card_server/node_modules/think_loader/index.js:31:17)
    at Object.loadControllers (/Users/zening/Desktop/card_server/node_modules/thinkkoa/lib/util/loader.js:114:40)
    at ThinkKoa.listen (/Users/zening/Desktop/card_server/node_modules/thinkkoa/lib/thinkkoa.js:239:16)
    at Object.<anonymous> (/Users/zening/Desktop/card_server/index.js:19:5)
    at Module._compile (module.js:643:30)
    at Object.Module._extensions..js (module.js:654:10)
    at Module.load (module.js:556:32)
    at tryModuleLoad (module.js:499:12)
    at Function.Module._load (module.js:491:3)
    at Function.Module.runMain (module.js:684:10)
    at startup (bootstrap_node.js:187:16)
    at bootstrap_node.js:608:3
[2018-03-03 16:08:21] [ERROR] Error: /Users/zening/Desktop/card_server/app/controller/public.js: Error: Cannot find module 'request-promise'
    at load (/Users/zening/Desktop/card_server/node_modules/think_loader/index.js:126:15)
    at loader (/Users/zening/Desktop/card_server/node_modules/think_loader/index.js:31:17)
    at Object.loadControllers (/Users/zening/Desktop/card_server/node_modules/thinkkoa/lib/util/loader.js:114:40)
    at ThinkKoa.listen (/Users/zening/Desktop/card_server/node_modules/thinkkoa/lib/thinkkoa.js:239:16)
    at Object.<anonymous> (/Users/zening/Desktop/card_server/index.js:19:5)
    at Module._compile (module.js:643:30)
    at Object.Module._extensions..js (module.js:654:10)
    at Module.load (module.js:556:32)
    at tryModuleLoad (module.js:499:12)
    at Function.Module._load (module.js:491:3)
    at Function.Module.runMain (module.js:684:10)
    at startup (bootstrap_node.js:187:16)
    at bootstrap_node.js:608:3
[2018-03-03 16:08:21] [ERROR] Error: /Users/zening/Desktop/card_server/app/controller/public.js: Error: Cannot find module 'request-promise'
    at load (/Users/zening/Desktop/card_server/node_modules/think_loader/index.js:126:15)
    at loader (/Users/zening/Desktop/card_server/node_modules/think_loader/index.js:31:17)
    at Object.loadControllers (/Users/zening/Desktop/card_server/node_modules/thinkkoa/lib/util/loader.js:114:40)
    at ThinkKoa.listen (/Users/zening/Desktop/card_server/node_modules/thinkkoa/lib/thinkkoa.js:239:16)
    at Object.<anonymous> (/Users/zening/Desktop/card_server/index.js:19:5)
    at Module._compile (module.js:643:30)
    at Object.Module._extensions..js (module.js:654:10)
    at Module.load (module.js:556:32)
    at tryModuleLoad (module.js:499:12)
    at Function.Module._load (module.js:491:3)
    at Function.Module.runMain (module.js:684:10)
    at startup (bootstrap_node.js:187:16)
    at bootstrap_node.js:608:3
[2018-03-03 16:08:22] [ERROR] Error: /Users/zening/Desktop/card_server/app/controller/public.js: Error: Cannot find module 'request-promise'
    at load (/Users/zening/Desktop/card_server/node_modules/think_loader/index.js:126:15)
    at loader (/Users/zening/Desktop/card_server/node_modules/think_loader/index.js:31:17)
    at Object.loadControllers (/Users/zening/Desktop/card_server/node_modules/thinkkoa/lib/util/loader.js:114:40)
    at ThinkKoa.listen (/Users/zening/Desktop/card_server/node_modules/thinkkoa/lib/thinkkoa.js:239:16)
    at Object.<anonymous> (/Users/zening/Desktop/card_server/index.js:19:5)
    at Module._compile (module.js:643:30)
    at Object.Module._extensions..js (module.js:654:10)
    at Module.load (module.js:556:32)
    at tryModuleLoad (module.js:499:12)
    at Function.Module._load (module.js:491:3)
    at Function.Module.runMain (module.js:684:10)
    at startup (bootstrap_node.js:187:16)
    at bootstrap_node.js:608:3
[2018-03-03 16:08:22] [ERROR] Error: /Users/zening/Desktop/card_server/app/controller/public.js: Error: Cannot find module 'request-promise'
    at load (/Users/zening/Desktop/card_server/node_modules/think_loader/index.js:126:15)
    at loader (/Users/zening/Desktop/card_server/node_modules/think_loader/index.js:31:17)
    at Object.loadControllers (/Users/zening/Desktop/card_server/node_modules/thinkkoa/lib/util/loader.js:114:40)
    at ThinkKoa.listen (/Users/zening/Desktop/card_server/node_modules/thinkkoa/lib/thinkkoa.js:239:16)
    at Object.<anonymous> (/Users/zening/Desktop/card_server/index.js:19:5)
    at Module._compile (module.js:643:30)
    at Object.Module._extensions..js (module.js:654:10)
    at Module.load (module.js:556:32)
    at tryModuleLoad (module.js:499:12)
    at Function.Module._load (module.js:491:3)
    at Function.Module.runMain (module.js:684:10)
    at startup (bootstrap_node.js:187:16)
    at bootstrap_node.js:608:3
[2018-03-03 16:08:22] [ERROR] Error: /Users/zening/Desktop/card_server/app/controller/public.js: Error: Cannot find module 'request-promise'
    at load (/Users/zening/Desktop/card_server/node_modules/think_loader/index.js:126:15)
    at loader (/Users/zening/Desktop/card_server/node_modules/think_loader/index.js:31:17)
    at Object.loadControllers (/Users/zening/Desktop/card_server/node_modules/thinkkoa/lib/util/loader.js:114:40)
    at ThinkKoa.listen (/Users/zening/Desktop/card_server/node_modules/thinkkoa/lib/thinkkoa.js:239:16)
    at Object.<anonymous> (/Users/zening/Desktop/card_server/index.js:19:5)
    at Module._compile (module.js:643:30)
    at Object.Module._extensions..js (module.js:654:10)
    at Module.load (module.js:556:32)
    at tryModuleLoad (module.js:499:12)
    at Function.Module._load (module.js:491:3)
    at Function.Module.runMain (module.js:684:10)
    at startup (bootstrap_node.js:187:16)
    at bootstrap_node.js:608:3
[2018-03-03 16:08:22] [ERROR] Error: /Users/zening/Desktop/card_server/app/controller/public.js: Error: Cannot find module 'request-promise'
    at load (/Users/zening/Desktop/card_server/node_modules/think_loader/index.js:126:15)
    at loader (/Users/zening/Desktop/card_server/node_modules/think_loader/index.js:31:17)
    at Object.loadControllers (/Users/zening/Desktop/card_server/node_modules/thinkkoa/lib/util/loader.js:114:40)
    at ThinkKoa.listen (/Users/zening/Desktop/card_server/node_modules/thinkkoa/lib/thinkkoa.js:239:16)
    at Object.<anonymous> (/Users/zening/Desktop/card_server/index.js:19:5)
    at Module._compile (module.js:643:30)
    at Object.Module._extensions..js (module.js:654:10)
    at Module.load (module.js:556:32)
    at tryModuleLoad (module.js:499:12)
    at Function.Module._load (module.js:491:3)
    at Function.Module.runMain (module.js:684:10)
    at startup (bootstrap_node.js:187:16)
    at bootstrap_node.js:608:3
[2018-03-03 16:08:22] [ERROR] Error: /Users/zening/Desktop/card_server/app/controller/public.js: Error: Cannot find module 'request-promise'
    at load (/Users/zening/Desktop/card_server/node_modules/think_loader/index.js:126:15)
    at loader (/Users/zening/Desktop/card_server/node_modules/think_loader/index.js:31:17)
    at Object.loadControllers (/Users/zening/Desktop/card_server/node_modules/thinkkoa/lib/util/loader.js:114:40)
    at ThinkKoa.listen (/Users/zening/Desktop/card_server/node_modules/thinkkoa/lib/thinkkoa.js:239:16)
    at Object.<anonymous> (/Users/zening/Desktop/card_server/index.js:19:5)
    at Module._compile (module.js:643:30)
    at Object.Module._extensions..js (module.js:654:10)
    at Module.load (module.js:556:32)
    at tryModuleLoad (module.js:499:12)
    at Function.Module._load (module.js:491:3)
    at Function.Module.runMain (module.js:684:10)
    at startup (bootstrap_node.js:187:16)
    at bootstrap_node.js:608:3
[2018-03-03 16:08:23] [ERROR] Error: /Users/zening/Desktop/card_server/app/controller/public.js: Error: Cannot find module 'request-promise'
    at load (/Users/zening/Desktop/card_server/node_modules/think_loader/index.js:126:15)
    at loader (/Users/zening/Desktop/card_server/node_modules/think_loader/index.js:31:17)
    at Object.loadControllers (/Users/zening/Desktop/card_server/node_modules/thinkkoa/lib/util/loader.js:114:40)
    at ThinkKoa.listen (/Users/zening/Desktop/card_server/node_modules/thinkkoa/lib/thinkkoa.js:239:16)
    at Object.<anonymous> (/Users/zening/Desktop/card_server/index.js:19:5)
    at Module._compile (module.js:643:30)
    at Object.Module._extensions..js (module.js:654:10)
    at Module.load (module.js:556:32)
    at tryModuleLoad (module.js:499:12)
    at Function.Module._load (module.js:491:3)
    at Function.Module.runMain (module.js:684:10)
    at startup (bootstrap_node.js:187:16)
    at bootstrap_node.js:608:3
[2018-03-03 16:08:23] [ERROR] Error: /Users/zening/Desktop/card_server/app/controller/public.js: Error: Cannot find module 'request-promise'
    at load (/Users/zening/Desktop/card_server/node_modules/think_loader/index.js:126:15)
    at loader (/Users/zening/Desktop/card_server/node_modules/think_loader/index.js:31:17)
    at Object.loadControllers (/Users/zening/Desktop/card_server/node_modules/thinkkoa/lib/util/loader.js:114:40)
    at ThinkKoa.listen (/Users/zening/Desktop/card_server/node_modules/thinkkoa/lib/thinkkoa.js:239:16)
    at Object.<anonymous> (/Users/zening/Desktop/card_server/index.js:19:5)
    at Module._compile (module.js:643:30)
    at Object.Module._extensions..js (module.js:654:10)
    at Module.load (module.js:556:32)
    at tryModuleLoad (module.js:499:12)
    at Function.Module._load (module.js:491:3)
    at Function.Module.runMain (module.js:684:10)
    at startup (bootstrap_node.js:187:16)
    at bootstrap_node.js:608:3
[2018-03-03 16:08:23] [ERROR] Error: /Users/zening/Desktop/card_server/app/controller/public.js: Error: Cannot find module 'request-promise'
    at load (/Users/zening/Desktop/card_server/node_modules/think_loader/index.js:126:15)
    at loader (/Users/zening/Desktop/card_server/node_modules/think_loader/index.js:31:17)
    at Object.loadControllers (/Users/zening/Desktop/card_server/node_modules/thinkkoa/lib/util/loader.js:114:40)
    at ThinkKoa.listen (/Users/zening/Desktop/card_server/node_modules/thinkkoa/lib/thinkkoa.js:239:16)
    at Object.<anonymous> (/Users/zening/Desktop/card_server/index.js:19:5)
    at Module._compile (module.js:643:30)
    at Object.Module._extensions..js (module.js:654:10)
    at Module.load (module.js:556:32)
    at tryModuleLoad (module.js:499:12)
    at Function.Module._load (module.js:491:3)
    at Function.Module.runMain (module.js:684:10)
    at startup (bootstrap_node.js:187:16)
    at bootstrap_node.js:608:3
[2018-03-03 16:08:23] [ERROR] Error: /Users/zening/Desktop/card_server/app/controller/public.js: Error: Cannot find module 'request-promise'
    at load (/Users/zening/Desktop/card_server/node_modules/think_loader/index.js:126:15)
    at loader (/Users/zening/Desktop/card_server/node_modules/think_loader/index.js:31:17)
    at Object.loadControllers (/Users/zening/Desktop/card_server/node_modules/thinkkoa/lib/util/loader.js:114:40)
    at ThinkKoa.listen (/Users/zening/Desktop/card_server/node_modules/thinkkoa/lib/thinkkoa.js:239:16)
    at Object.<anonymous> (/Users/zening/Desktop/card_server/index.js:19:5)
    at Module._compile (module.js:643:30)
    at Object.Module._extensions..js (module.js:654:10)
    at Module.load (module.js:556:32)
    at tryModuleLoad (module.js:499:12)
    at Function.Module._load (module.js:491:3)
    at Function.Module.runMain (module.js:684:10)
    at startup (bootstrap_node.js:187:16)
    at bootstrap_node.js:608:3
[2018-03-03 16:08:23] [ERROR] Error: /Users/zening/Desktop/card_server/app/controller/public.js: Error: Cannot find module 'request-promise'
    at load (/Users/zening/Desktop/card_server/node_modules/think_loader/index.js:126:15)
    at loader (/Users/zening/Desktop/card_server/node_modules/think_loader/index.js:31:17)
    at Object.loadControllers (/Users/zening/Desktop/card_server/node_modules/thinkkoa/lib/util/loader.js:114:40)
    at ThinkKoa.listen (/Users/zening/Desktop/card_server/node_modules/thinkkoa/lib/thinkkoa.js:239:16)
    at Object.<anonymous> (/Users/zening/Desktop/card_server/index.js:19:5)
    at Module._compile (module.js:643:30)
    at Object.Module._extensions..js (module.js:654:10)
    at Module.load (module.js:556:32)
    at tryModuleLoad (module.js:499:12)
    at Function.Module._load (module.js:491:3)
    at Function.Module.runMain (module.js:684:10)
    at startup (bootstrap_node.js:187:16)
    at bootstrap_node.js:608:3
[2018-03-03 16:08:24] [ERROR] Error: /Users/zening/Desktop/card_server/app/controller/public.js: Error: Cannot find module 'request-promise'
    at load (/Users/zening/Desktop/card_server/node_modules/think_loader/index.js:126:15)
    at loader (/Users/zening/Desktop/card_server/node_modules/think_loader/index.js:31:17)
    at Object.loadControllers (/Users/zening/Desktop/card_server/node_modules/thinkkoa/lib/util/loader.js:114:40)
    at ThinkKoa.listen (/Users/zening/Desktop/card_server/node_modules/thinkkoa/lib/thinkkoa.js:239:16)
    at Object.<anonymous> (/Users/zening/Desktop/card_server/index.js:19:5)
    at Module._compile (module.js:643:30)
    at Object.Module._extensions..js (module.js:654:10)
    at Module.load (module.js:556:32)
    at tryModuleLoad (module.js:499:12)
    at Function.Module._load (module.js:491:3)
    at Function.Module.runMain (module.js:684:10)
    at startup (bootstrap_node.js:187:16)
    at bootstrap_node.js:608:3
[2018-03-03 16:08:24] [ERROR] Error: /Users/zening/Desktop/card_server/app/controller/public.js: Error: Cannot find module 'request-promise'
    at load (/Users/zening/Desktop/card_server/node_modules/think_loader/index.js:126:15)
    at loader (/Users/zening/Desktop/card_server/node_modules/think_loader/index.js:31:17)
    at Object.loadControllers (/Users/zening/Desktop/card_server/node_modules/thinkkoa/lib/util/loader.js:114:40)
    at ThinkKoa.listen (/Users/zening/Desktop/card_server/node_modules/thinkkoa/lib/thinkkoa.js:239:16)
    at Object.<anonymous> (/Users/zening/Desktop/card_server/index.js:19:5)
    at Module._compile (module.js:643:30)
    at Object.Module._extensions..js (module.js:654:10)
    at Module.load (module.js:556:32)
    at tryModuleLoad (module.js:499:12)
    at Function.Module._load (module.js:491:3)
    at Function.Module.runMain (module.js:684:10)
    at startup (bootstrap_node.js:187:16)
    at bootstrap_node.js:608:3
[2018-03-03 16:08:24] [ERROR] Error: /Users/zening/Desktop/card_server/app/controller/public.js: Error: Cannot find module 'request-promise'
    at load (/Users/zening/Desktop/card_server/node_modules/think_loader/index.js:126:15)
    at loader (/Users/zening/Desktop/card_server/node_modules/think_loader/index.js:31:17)
    at Object.loadControllers (/Users/zening/Desktop/card_server/node_modules/thinkkoa/lib/util/loader.js:114:40)
    at ThinkKoa.listen (/Users/zening/Desktop/card_server/node_modules/thinkkoa/lib/thinkkoa.js:239:16)
    at Object.<anonymous> (/Users/zening/Desktop/card_server/index.js:19:5)
    at Module._compile (module.js:643:30)
    at Object.Module._extensions..js (module.js:654:10)
    at Module.load (module.js:556:32)
    at tryModuleLoad (module.js:499:12)
    at Function.Module._load (module.js:491:3)
    at Function.Module.runMain (module.js:684:10)
    at startup (bootstrap_node.js:187:16)
    at bootstrap_node.js:608:3
[2018-03-03 16:08:24] [ERROR] Error: /Users/zening/Desktop/card_server/app/controller/public.js: Error: Cannot find module 'request-promise'
    at load (/Users/zening/Desktop/card_server/node_modules/think_loader/index.js:126:15)
    at loader (/Users/zening/Desktop/card_server/node_modules/think_loader/index.js:31:17)
    at Object.loadControllers (/Users/zening/Desktop/card_server/node_modules/thinkkoa/lib/util/loader.js:114:40)
    at ThinkKoa.listen (/Users/zening/Desktop/card_server/node_modules/thinkkoa/lib/thinkkoa.js:239:16)
    at Object.<anonymous> (/Users/zening/Desktop/card_server/index.js:19:5)
    at Module._compile (module.js:643:30)
    at Object.Module._extensions..js (module.js:654:10)
    at Module.load (module.js:556:32)
    at tryModuleLoad (module.js:499:12)
    at Function.Module._load (module.js:491:3)
    at Function.Module.runMain (module.js:684:10)
    at startup (bootstrap_node.js:187:16)
    at bootstrap_node.js:608:3
[2018-03-03 16:08:24] [ERROR] Error: /Users/zening/Desktop/card_server/app/controller/public.js: Error: Cannot find module 'request-promise'
    at load (/Users/zening/Desktop/card_server/node_modules/think_loader/index.js:126:15)
    at loader (/Users/zening/Desktop/card_server/node_modules/think_loader/index.js:31:17)
    at Object.loadControllers (/Users/zening/Desktop/card_server/node_modules/thinkkoa/lib/util/loader.js:114:40)
    at ThinkKoa.listen (/Users/zening/Desktop/card_server/node_modules/thinkkoa/lib/thinkkoa.js:239:16)
    at Object.<anonymous> (/Users/zening/Desktop/card_server/index.js:19:5)
    at Module._compile (module.js:643:30)
    at Object.Module._extensions..js (module.js:654:10)
    at Module.load (module.js:556:32)
    at tryModuleLoad (module.js:499:12)
    at Function.Module._load (module.js:491:3)
    at Function.Module.runMain (module.js:684:10)
    at startup (bootstrap_node.js:187:16)
    at bootstrap_node.js:608:3
[2018-03-03 16:08:25] [ERROR] Error: /Users/zening/Desktop/card_server/app/controller/public.js: Error: Cannot find module 'request-promise'
    at load (/Users/zening/Desktop/card_server/node_modules/think_loader/index.js:126:15)
    at loader (/Users/zening/Desktop/card_server/node_modules/think_loader/index.js:31:17)
    at Object.loadControllers (/Users/zening/Desktop/card_server/node_modules/thinkkoa/lib/util/loader.js:114:40)
    at ThinkKoa.listen (/Users/zening/Desktop/card_server/node_modules/thinkkoa/lib/thinkkoa.js:239:16)
    at Object.<anonymous> (/Users/zening/Desktop/card_server/index.js:19:5)
    at Module._compile (module.js:643:30)
    at Object.Module._extensions..js (module.js:654:10)
    at Module.load (module.js:556:32)
    at tryModuleLoad (module.js:499:12)
    at Function.Module._load (module.js:491:3)
    at Function.Module.runMain (module.js:684:10)
    at startup (bootstrap_node.js:187:16)
    at bootstrap_node.js:608:3
[2018-03-03 16:08:25] [ERROR] Error: /Users/zening/Desktop/card_server/app/controller/public.js: Error: Cannot find module 'request-promise'
    at load (/Users/zening/Desktop/card_server/node_modules/think_loader/index.js:126:15)
    at loader (/Users/zening/Desktop/card_server/node_modules/think_loader/index.js:31:17)
    at Object.loadControllers (/Users/zening/Desktop/card_server/node_modules/thinkkoa/lib/util/loader.js:114:40)
    at ThinkKoa.listen (/Users/zening/Desktop/card_server/node_modules/thinkkoa/lib/thinkkoa.js:239:16)
    at Object.<anonymous> (/Users/zening/Desktop/card_server/index.js:19:5)
    at Module._compile (module.js:643:30)
    at Object.Module._extensions..js (module.js:654:10)
    at Module.load (module.js:556:32)
    at tryModuleLoad (module.js:499:12)
    at Function.Module._load (module.js:491:3)
    at Function.Module.runMain (module.js:684:10)
    at startup (bootstrap_node.js:187:16)
    at bootstrap_node.js:608:3
[2018-03-03 16:08:25] [ERROR] Error: /Users/zening/Desktop/card_server/app/controller/public.js: Error: Cannot find module 'request-promise'
    at load (/Users/zening/Desktop/card_server/node_modules/think_loader/index.js:126:15)
    at loader (/Users/zening/Desktop/card_server/node_modules/think_loader/index.js:31:17)
    at Object.loadControllers (/Users/zening/Desktop/card_server/node_modules/thinkkoa/lib/util/loader.js:114:40)
    at ThinkKoa.listen (/Users/zening/Desktop/card_server/node_modules/thinkkoa/lib/thinkkoa.js:239:16)
    at Object.<anonymous> (/Users/zening/Desktop/card_server/index.js:19:5)
    at Module._compile (module.js:643:30)
    at Object.Module._extensions..js (module.js:654:10)
    at Module.load (module.js:556:32)
    at tryModuleLoad (module.js:499:12)
    at Function.Module._load (module.js:491:3)
    at Function.Module.runMain (module.js:684:10)
    at startup (bootstrap_node.js:187:16)
    at bootstrap_node.js:608:3
[2018-03-03 16:08:25] [ERROR] Error: /Users/zening/Desktop/card_server/app/controller/public.js: Error: Cannot find module 'request-promise'
    at load (/Users/zening/Desktop/card_server/node_modules/think_loader/index.js:126:15)
    at loader (/Users/zening/Desktop/card_server/node_modules/think_loader/index.js:31:17)
    at Object.loadControllers (/Users/zening/Desktop/card_server/node_modules/thinkkoa/lib/util/loader.js:114:40)
    at ThinkKoa.listen (/Users/zening/Desktop/card_server/node_modules/thinkkoa/lib/thinkkoa.js:239:16)
    at Object.<anonymous> (/Users/zening/Desktop/card_server/index.js:19:5)
    at Module._compile (module.js:643:30)
    at Object.Module._extensions..js (module.js:654:10)
    at Module.load (module.js:556:32)
    at tryModuleLoad (module.js:499:12)
    at Function.Module._load (module.js:491:3)
    at Function.Module.runMain (module.js:684:10)
    at startup (bootstrap_node.js:187:16)
    at bootstrap_node.js:608:3
[2018-03-03 16:08:26] [ERROR] Error: /Users/zening/Desktop/card_server/app/controller/public.js: Error: Cannot find module 'request-promise'
    at load (/Users/zening/Desktop/card_server/node_modules/think_loader/index.js:126:15)
    at loader (/Users/zening/Desktop/card_server/node_modules/think_loader/index.js:31:17)
    at Object.loadControllers (/Users/zening/Desktop/card_server/node_modules/thinkkoa/lib/util/loader.js:114:40)
    at ThinkKoa.listen (/Users/zening/Desktop/card_server/node_modules/thinkkoa/lib/thinkkoa.js:239:16)
    at Object.<anonymous> (/Users/zening/Desktop/card_server/index.js:19:5)
    at Module._compile (module.js:643:30)
    at Object.Module._extensions..js (module.js:654:10)
    at Module.load (module.js:556:32)
    at tryModuleLoad (module.js:499:12)
    at Function.Module._load (module.js:491:3)
    at Function.Module.runMain (module.js:684:10)
    at startup (bootstrap_node.js:187:16)
    at bootstrap_node.js:608:3
[2018-03-03 16:08:26] [ERROR] Error: /Users/zening/Desktop/card_server/app/controller/public.js: Error: Cannot find module 'request-promise'
    at load (/Users/zening/Desktop/card_server/node_modules/think_loader/index.js:126:15)
    at loader (/Users/zening/Desktop/card_server/node_modules/think_loader/index.js:31:17)
    at Object.loadControllers (/Users/zening/Desktop/card_server/node_modules/thinkkoa/lib/util/loader.js:114:40)
    at ThinkKoa.listen (/Users/zening/Desktop/card_server/node_modules/thinkkoa/lib/thinkkoa.js:239:16)
    at Object.<anonymous> (/Users/zening/Desktop/card_server/index.js:19:5)
    at Module._compile (module.js:643:30)
    at Object.Module._extensions..js (module.js:654:10)
    at Module.load (module.js:556:32)
    at tryModuleLoad (module.js:499:12)
    at Function.Module._load (module.js:491:3)
    at Function.Module.runMain (module.js:684:10)
    at startup (bootstrap_node.js:187:16)
    at bootstrap_node.js:608:3
[2018-03-03 16:08:26] [ERROR] Error: /Users/zening/Desktop/card_server/app/controller/public.js: Error: Cannot find module 'request-promise'
    at load (/Users/zening/Desktop/card_server/node_modules/think_loader/index.js:126:15)
    at loader (/Users/zening/Desktop/card_server/node_modules/think_loader/index.js:31:17)
    at Object.loadControllers (/Users/zening/Desktop/card_server/node_modules/thinkkoa/lib/util/loader.js:114:40)
    at ThinkKoa.listen (/Users/zening/Desktop/card_server/node_modules/thinkkoa/lib/thinkkoa.js:239:16)
    at Object.<anonymous> (/Users/zening/Desktop/card_server/index.js:19:5)
    at Module._compile (module.js:643:30)
    at Object.Module._extensions..js (module.js:654:10)
    at Module.load (module.js:556:32)
    at tryModuleLoad (module.js:499:12)
    at Function.Module._load (module.js:491:3)
    at Function.Module.runMain (module.js:684:10)
    at startup (bootstrap_node.js:187:16)
    at bootstrap_node.js:608:3
[2018-03-03 16:08:40] [ERROR] Error: /Users/zening/Desktop/card_server/app/controller/public.js: Error: Cannot find module 'request'
    at load (/Users/zening/Desktop/card_server/node_modules/think_loader/index.js:126:15)
    at loader (/Users/zening/Desktop/card_server/node_modules/think_loader/index.js:31:17)
    at Object.loadControllers (/Users/zening/Desktop/card_server/node_modules/thinkkoa/lib/util/loader.js:114:40)
    at ThinkKoa.listen (/Users/zening/Desktop/card_server/node_modules/thinkkoa/lib/thinkkoa.js:239:16)
    at Object.<anonymous> (/Users/zening/Desktop/card_server/index.js:19:5)
    at Module._compile (module.js:643:30)
    at Object.Module._extensions..js (module.js:654:10)
    at Module.load (module.js:556:32)
    at tryModuleLoad (module.js:499:12)
    at Function.Module._load (module.js:491:3)
    at Function.Module.runMain (module.js:684:10)
    at startup (bootstrap_node.js:187:16)
    at bootstrap_node.js:608:3
[2018-03-03 16:08:40] [ERROR] Error: /Users/zening/Desktop/card_server/app/controller/public.js: Error: Cannot find module 'request'
    at load (/Users/zening/Desktop/card_server/node_modules/think_loader/index.js:126:15)
    at loader (/Users/zening/Desktop/card_server/node_modules/think_loader/index.js:31:17)
    at Object.loadControllers (/Users/zening/Desktop/card_server/node_modules/thinkkoa/lib/util/loader.js:114:40)
    at ThinkKoa.listen (/Users/zening/Desktop/card_server/node_modules/thinkkoa/lib/thinkkoa.js:239:16)
    at Object.<anonymous> (/Users/zening/Desktop/card_server/index.js:19:5)
    at Module._compile (module.js:643:30)
    at Object.Module._extensions..js (module.js:654:10)
    at Module.load (module.js:556:32)
    at tryModuleLoad (module.js:499:12)
    at Function.Module._load (module.js:491:3)
    at Function.Module.runMain (module.js:684:10)
    at startup (bootstrap_node.js:187:16)
    at bootstrap_node.js:608:3
[2018-03-03 16:08:41] [ERROR] Error: /Users/zening/Desktop/card_server/app/controller/public.js: Error: Cannot find module 'request'
    at load (/Users/zening/Desktop/card_server/node_modules/think_loader/index.js:126:15)
    at loader (/Users/zening/Desktop/card_server/node_modules/think_loader/index.js:31:17)
    at Object.loadControllers (/Users/zening/Desktop/card_server/node_modules/thinkkoa/lib/util/loader.js:114:40)
    at ThinkKoa.listen (/Users/zening/Desktop/card_server/node_modules/thinkkoa/lib/thinkkoa.js:239:16)
    at Object.<anonymous> (/Users/zening/Desktop/card_server/index.js:19:5)
    at Module._compile (module.js:643:30)
    at Object.Module._extensions..js (module.js:654:10)
    at Module.load (module.js:556:32)
    at tryModuleLoad (module.js:499:12)
    at Function.Module._load (module.js:491:3)
    at Function.Module.runMain (module.js:684:10)
    at startup (bootstrap_node.js:187:16)
    at bootstrap_node.js:608:3
[2018-03-03 16:08:41] [ERROR] Error: /Users/zening/Desktop/card_server/app/controller/public.js: Error: Cannot find module 'request'
    at load (/Users/zening/Desktop/card_server/node_modules/think_loader/index.js:126:15)
    at loader (/Users/zening/Desktop/card_server/node_modules/think_loader/index.js:31:17)
    at Object.loadControllers (/Users/zening/Desktop/card_server/node_modules/thinkkoa/lib/util/loader.js:114:40)
    at ThinkKoa.listen (/Users/zening/Desktop/card_server/node_modules/thinkkoa/lib/thinkkoa.js:239:16)
    at Object.<anonymous> (/Users/zening/Desktop/card_server/index.js:19:5)
    at Module._compile (module.js:643:30)
    at Object.Module._extensions..js (module.js:654:10)
    at Module.load (module.js:556:32)
    at tryModuleLoad (module.js:499:12)
    at Function.Module._load (module.js:491:3)
    at Function.Module.runMain (module.js:684:10)
    at startup (bootstrap_node.js:187:16)
    at bootstrap_node.js:608:3
[2018-03-03 16:08:41] [ERROR] Error: /Users/zening/Desktop/card_server/app/controller/public.js: Error: Cannot find module 'request'
    at load (/Users/zening/Desktop/card_server/node_modules/think_loader/index.js:126:15)
    at loader (/Users/zening/Desktop/card_server/node_modules/think_loader/index.js:31:17)
    at Object.loadControllers (/Users/zening/Desktop/card_server/node_modules/thinkkoa/lib/util/loader.js:114:40)
    at ThinkKoa.listen (/Users/zening/Desktop/card_server/node_modules/thinkkoa/lib/thinkkoa.js:239:16)
    at Object.<anonymous> (/Users/zening/Desktop/card_server/index.js:19:5)
    at Module._compile (module.js:643:30)
    at Object.Module._extensions..js (module.js:654:10)
    at Module.load (module.js:556:32)
    at tryModuleLoad (module.js:499:12)
    at Function.Module._load (module.js:491:3)
    at Function.Module.runMain (module.js:684:10)
    at startup (bootstrap_node.js:187:16)
    at bootstrap_node.js:608:3
[2018-03-03 16:08:41] [ERROR] Error: /Users/zening/Desktop/card_server/app/controller/public.js: Error: Cannot find module 'request'
    at load (/Users/zening/Desktop/card_server/node_modules/think_loader/index.js:126:15)
    at loader (/Users/zening/Desktop/card_server/node_modules/think_loader/index.js:31:17)
    at Object.loadControllers (/Users/zening/Desktop/card_server/node_modules/thinkkoa/lib/util/loader.js:114:40)
    at ThinkKoa.listen (/Users/zening/Desktop/card_server/node_modules/thinkkoa/lib/thinkkoa.js:239:16)
    at Object.<anonymous> (/Users/zening/Desktop/card_server/index.js:19:5)
    at Module._compile (module.js:643:30)
    at Object.Module._extensions..js (module.js:654:10)
    at Module.load (module.js:556:32)
    at tryModuleLoad (module.js:499:12)
    at Function.Module._load (module.js:491:3)
    at Function.Module.runMain (module.js:684:10)
    at startup (bootstrap_node.js:187:16)
    at bootstrap_node.js:608:3
[2018-03-03 16:08:42] [ERROR] Error: /Users/zening/Desktop/card_server/app/controller/public.js: Error: Cannot find module 'request'
    at load (/Users/zening/Desktop/card_server/node_modules/think_loader/index.js:126:15)
    at loader (/Users/zening/Desktop/card_server/node_modules/think_loader/index.js:31:17)
    at Object.loadControllers (/Users/zening/Desktop/card_server/node_modules/thinkkoa/lib/util/loader.js:114:40)
    at ThinkKoa.listen (/Users/zening/Desktop/card_server/node_modules/thinkkoa/lib/thinkkoa.js:239:16)
    at Object.<anonymous> (/Users/zening/Desktop/card_server/index.js:19:5)
    at Module._compile (module.js:643:30)
    at Object.Module._extensions..js (module.js:654:10)
    at Module.load (module.js:556:32)
    at tryModuleLoad (module.js:499:12)
    at Function.Module._load (module.js:491:3)
    at Function.Module.runMain (module.js:684:10)
    at startup (bootstrap_node.js:187:16)
    at bootstrap_node.js:608:3
[2018-03-03 16:08:42] [ERROR] Error: /Users/zening/Desktop/card_server/app/controller/public.js: Error: Cannot find module 'request'
    at load (/Users/zening/Desktop/card_server/node_modules/think_loader/index.js:126:15)
    at loader (/Users/zening/Desktop/card_server/node_modules/think_loader/index.js:31:17)
    at Object.loadControllers (/Users/zening/Desktop/card_server/node_modules/thinkkoa/lib/util/loader.js:114:40)
    at ThinkKoa.listen (/Users/zening/Desktop/card_server/node_modules/thinkkoa/lib/thinkkoa.js:239:16)
    at Object.<anonymous> (/Users/zening/Desktop/card_server/index.js:19:5)
    at Module._compile (module.js:643:30)
    at Object.Module._extensions..js (module.js:654:10)
    at Module.load (module.js:556:32)
    at tryModuleLoad (module.js:499:12)
    at Function.Module._load (module.js:491:3)
    at Function.Module.runMain (module.js:684:10)
    at startup (bootstrap_node.js:187:16)
    at bootstrap_node.js:608:3
[2018-03-03 16:08:42] [ERROR] Error: /Users/zening/Desktop/card_server/app/controller/public.js: Error: Cannot find module 'request'
    at load (/Users/zening/Desktop/card_server/node_modules/think_loader/index.js:126:15)
    at loader (/Users/zening/Desktop/card_server/node_modules/think_loader/index.js:31:17)
    at Object.loadControllers (/Users/zening/Desktop/card_server/node_modules/thinkkoa/lib/util/loader.js:114:40)
    at ThinkKoa.listen (/Users/zening/Desktop/card_server/node_modules/thinkkoa/lib/thinkkoa.js:239:16)
    at Object.<anonymous> (/Users/zening/Desktop/card_server/index.js:19:5)
    at Module._compile (module.js:643:30)
    at Object.Module._extensions..js (module.js:654:10)
    at Module.load (module.js:556:32)
    at tryModuleLoad (module.js:499:12)
    at Function.Module._load (module.js:491:3)
    at Function.Module.runMain (module.js:684:10)
    at startup (bootstrap_node.js:187:16)
    at bootstrap_node.js:608:3
[2018-03-03 16:08:43] [ERROR] Error: /Users/zening/Desktop/card_server/app/controller/public.js: Error: Cannot find module 'request'
    at load (/Users/zening/Desktop/card_server/node_modules/think_loader/index.js:126:15)
    at loader (/Users/zening/Desktop/card_server/node_modules/think_loader/index.js:31:17)
    at Object.loadControllers (/Users/zening/Desktop/card_server/node_modules/thinkkoa/lib/util/loader.js:114:40)
    at ThinkKoa.listen (/Users/zening/Desktop/card_server/node_modules/thinkkoa/lib/thinkkoa.js:239:16)
    at Object.<anonymous> (/Users/zening/Desktop/card_server/index.js:19:5)
    at Module._compile (module.js:643:30)
    at Object.Module._extensions..js (module.js:654:10)
    at Module.load (module.js:556:32)
    at tryModuleLoad (module.js:499:12)
    at Function.Module._load (module.js:491:3)
    at Function.Module.runMain (module.js:684:10)
    at startup (bootstrap_node.js:187:16)
    at bootstrap_node.js:608:3
[2018-03-03 16:09:13] [ERROR] TypeError: helper.service is not a function
    at module.exports.init (/Users/zening/Desktop/card_server/app/controller/public.js:13:31)
    at new Base (/Users/zening/Desktop/card_server/node_modules/thinkkoa/lib/util/base.js:16:14)
    at new baseController (/Users/zening/Desktop/card_server/node_modules/thinkkoa/lib/controller/base.js:12:18)
    at new module.exports (/Users/zening/Desktop/card_server/app/controller/public.js:8:18)
    at exec (/Users/zening/Desktop/card_server/node_modules/think_controller/index.js:38:20)
    at /Users/zening/Desktop/card_server/node_modules/think_controller/index.js:87:16
    at dispatch (/Users/zening/Desktop/card_server/node_modules/koa-compose/index.js:42:32)
    at next (/Users/zening/Desktop/card_server/node_modules/koa-compose/index.js:43:18)
    at /Users/zening/Desktop/card_server/node_modules/think_router/index.js:286:20
    at dispatch (/Users/zening/Desktop/card_server/node_modules/koa-compose/index.js:42:32)
    at next (/Users/zening/Desktop/card_server/node_modules/koa-compose/index.js:43:18)
    at /Users/zening/Desktop/card_server/node_modules/think_model/index.js:52:16
    at dispatch (/Users/zening/Desktop/card_server/node_modules/koa-compose/index.js:42:32)
    at next (/Users/zening/Desktop/card_server/node_modules/koa-compose/index.js:43:18)
    at /Users/zening/Desktop/card_server/node_modules/think_payload/index.js:119:16
    at <anonymous>
[2018-03-03 16:09:13] [ERROR]  GET  404  /public/wxLogin  15ms
[2018-03-03 16:10:14] [ERROR] TypeError: this.app.config is not a function
    at module.exports.write (/Users/zening/Desktop/card_server/node_modules/thinkkoa/lib/controller/base.js:232:41)
    at module.exports.success (/Users/zening/Desktop/card_server/node_modules/thinkkoa/lib/controller/base.js:284:21)
    at module.exports.ok (/Users/zening/Desktop/card_server/node_modules/thinkkoa/lib/controller/base.js:297:21)
    at module.exports.wxLoginAction (/Users/zening/Desktop/card_server/app/controller/public.js:57:21)
    at <anonymous>
[2018-03-03 16:10:14] [ERROR]  GET  500  /public/wxLogin  351ms
[2018-03-03 16:33:23] [ERROR] Error: Error: Undefined binding(s) detected when compiling SELECT query: select * from `user` as `user` where `user`.`nickname` = ? limit ?
    at module.exports.parseSql (/Users/zening/Desktop/card_server/node_modules/thinkorm_adapter_mysql/lib/sqlbuilder.js:465:19)
    at <anonymous>
[2018-03-03 16:33:53] [ERROR] Error: Error: Undefined binding(s) detected when compiling SELECT query: select * from `user` as `user` where `user`.`nickname` = ? limit ?
    at module.exports.parseSql (/Users/zening/Desktop/card_server/node_modules/thinkorm_adapter_mysql/lib/sqlbuilder.js:465:19)
    at <anonymous>
[2018-03-03 16:34:58] [ERROR] Error: Error: Undefined binding(s) detected when compiling SELECT query: select * from `user` as `user` where `user`.`nickname` = ? limit ?
    at module.exports.parseSql (/Users/zening/Desktop/card_server/node_modules/thinkorm_adapter_mysql/lib/sqlbuilder.js:465:19)
    at <anonymous>
[2018-03-03 16:35:43] [ERROR] Error: Error: Undefined binding(s) detected when compiling SELECT query: select * from `user` as `user` where `user`.`nickname` = ? limit ?
    at module.exports.parseSql (/Users/zening/Desktop/card_server/node_modules/thinkorm_adapter_mysql/lib/sqlbuilder.js:465:19)
    at <anonymous>
[2018-03-03 16:40:57] [ERROR] Error: phonenum!
    at Object.validData (/Users/zening/Desktop/card_server/node_modules/thinkorm/lib/validation.js:364:23)
    at module.exports.update (/Users/zening/Desktop/card_server/node_modules/thinkorm/lib/model.js:523:27)
    at <anonymous>
[2018-03-03 16:44:12] [ERROR] Error: card!
    at Object.validData (/Users/zening/Desktop/card_server/node_modules/thinkorm/lib/validation.js:364:23)
    at module.exports.update (/Users/zening/Desktop/card_server/node_modules/thinkorm/lib/model.js:523:27)
    at <anonymous>
[2018-03-03 17:22:36] [ERROR] NotFoundError: Controller not found.
    at Object.throw (/Users/zening/Desktop/card_server/node_modules/koa/lib/context.js:93:11)
    at exec (/Users/zening/Desktop/card_server/node_modules/think_controller/index.js:36:22)
    at /Users/zening/Desktop/card_server/node_modules/think_controller/index.js:87:16
    at dispatch (/Users/zening/Desktop/card_server/node_modules/koa-compose/index.js:42:32)
    at next (/Users/zening/Desktop/card_server/node_modules/koa-compose/index.js:43:18)
    at /Users/zening/Desktop/card_server/node_modules/think_router/index.js:286:20
    at dispatch (/Users/zening/Desktop/card_server/node_modules/koa-compose/index.js:42:32)
    at next (/Users/zening/Desktop/card_server/node_modules/koa-compose/index.js:43:18)
    at /Users/zening/Desktop/card_server/node_modules/think_model/index.js:52:16
    at dispatch (/Users/zening/Desktop/card_server/node_modules/koa-compose/index.js:42:32)
    at next (/Users/zening/Desktop/card_server/node_modules/koa-compose/index.js:43:18)
    at /Users/zening/Desktop/card_server/node_modules/think_payload/index.js:119:16
    at <anonymous>
[2018-03-03 17:22:36] [ERROR]  GET  404  /user/getList  15ms
[2018-03-03 18:21:37] [ERROR] select * from `card` as `card` where `card`.`openid` = 'oWUuo5SrfcpShL6aQuVl6ocyWFdY'
[2018-03-03 18:21:37] [ERROR] Error: Cannot enqueue Query after fatal error.
    at Protocol._validateEnqueue (/Users/zening/Desktop/card_server/node_modules/mysql/lib/protocol/Protocol.js:201:16)
    at Protocol._enqueue (/Users/zening/Desktop/card_server/node_modules/mysql/lib/protocol/Protocol.js:139:13)
    at PoolConnection.query (/Users/zening/Desktop/card_server/node_modules/mysql/lib/Connection.js:208:25)
    at /Users/zening/Desktop/card_server/node_modules/think_lib/index.js:572:16
    at Promise._execute (/Users/zening/Desktop/card_server/node_modules/bluebird/js/release/debuggability.js:303:9)
    at Promise._resolveFromExecutor (/Users/zening/Desktop/card_server/node_modules/bluebird/js/release/promise.js:483:18)
    at new Promise (/Users/zening/Desktop/card_server/node_modules/bluebird/js/release/promise.js:79:10)
    at /Users/zening/Desktop/card_server/node_modules/think_lib/index.js:571:16
    at connect.then.conn (/Users/zening/Desktop/card_server/node_modules/thinkorm_adapter_mysql/lib/index.js:142:20)
    at tryCatcher (/Users/zening/Desktop/card_server/node_modules/bluebird/js/release/util.js:16:23)
    at Promise._settlePromiseFromHandler (/Users/zening/Desktop/card_server/node_modules/bluebird/js/release/promise.js:512:31)
    at Promise._settlePromise (/Users/zening/Desktop/card_server/node_modules/bluebird/js/release/promise.js:569:18)
    at Promise._settlePromiseCtx (/Users/zening/Desktop/card_server/node_modules/bluebird/js/release/promise.js:606:10)
    at Async._drainQueue (/Users/zening/Desktop/card_server/node_modules/bluebird/js/release/async.js:138:12)
    at Async._drainQueues (/Users/zening/Desktop/card_server/node_modules/bluebird/js/release/async.js:143:10)
    at Immediate.Async.drainQueues [as _onImmediate] (/Users/zening/Desktop/card_server/node_modules/bluebird/js/release/async.js:17:14)
    at runCallback (timers.js:789:20)
    at tryOnImmediate (timers.js:751:5)
    at processImmediate [as _immediateCallback] (timers.js:722:5)
[2018-03-03 18:21:37] [ERROR] Error: Cannot enqueue Query after fatal error.
    at Protocol._validateEnqueue (/Users/zening/Desktop/card_server/node_modules/mysql/lib/protocol/Protocol.js:201:16)
    at Protocol._enqueue (/Users/zening/Desktop/card_server/node_modules/mysql/lib/protocol/Protocol.js:139:13)
    at PoolConnection.query (/Users/zening/Desktop/card_server/node_modules/mysql/lib/Connection.js:208:25)
    at /Users/zening/Desktop/card_server/node_modules/think_lib/index.js:572:16
    at Promise._execute (/Users/zening/Desktop/card_server/node_modules/bluebird/js/release/debuggability.js:303:9)
    at Promise._resolveFromExecutor (/Users/zening/Desktop/card_server/node_modules/bluebird/js/release/promise.js:483:18)
    at new Promise (/Users/zening/Desktop/card_server/node_modules/bluebird/js/release/promise.js:79:10)
    at /Users/zening/Desktop/card_server/node_modules/think_lib/index.js:571:16
    at connect.then.conn (/Users/zening/Desktop/card_server/node_modules/thinkorm_adapter_mysql/lib/index.js:142:20)
    at tryCatcher (/Users/zening/Desktop/card_server/node_modules/bluebird/js/release/util.js:16:23)
    at Promise._settlePromiseFromHandler (/Users/zening/Desktop/card_server/node_modules/bluebird/js/release/promise.js:512:31)
    at Promise._settlePromise (/Users/zening/Desktop/card_server/node_modules/bluebird/js/release/promise.js:569:18)
    at Promise._settlePromiseCtx (/Users/zening/Desktop/card_server/node_modules/bluebird/js/release/promise.js:606:10)
    at Async._drainQueue (/Users/zening/Desktop/card_server/node_modules/bluebird/js/release/async.js:138:12)
    at Async._drainQueues (/Users/zening/Desktop/card_server/node_modules/bluebird/js/release/async.js:143:10)
    at Immediate.Async.drainQueues [as _onImmediate] (/Users/zening/Desktop/card_server/node_modules/bluebird/js/release/async.js:17:14)
    at runCallback (timers.js:789:20)
    at tryOnImmediate (timers.js:751:5)
    at processImmediate [as _immediateCallback] (timers.js:722:5)
[2018-03-03 18:21:37] [ERROR]  GET  500  /card/getUserCard  23ms
[2018-03-03 20:27:19] [ERROR] select * from `card` as `card` where `card`.`openid` = 'oWUuo5SrfcpShL6aQuVl6ocyWFdY'
[2018-03-03 20:27:19] [ERROR] Error: Cannot enqueue Query after fatal error.
    at Protocol._validateEnqueue (/Users/zening/Desktop/card_server/node_modules/mysql/lib/protocol/Protocol.js:201:16)
    at Protocol._enqueue (/Users/zening/Desktop/card_server/node_modules/mysql/lib/protocol/Protocol.js:139:13)
    at PoolConnection.query (/Users/zening/Desktop/card_server/node_modules/mysql/lib/Connection.js:208:25)
    at /Users/zening/Desktop/card_server/node_modules/think_lib/index.js:572:16
    at Promise._execute (/Users/zening/Desktop/card_server/node_modules/bluebird/js/release/debuggability.js:303:9)
    at Promise._resolveFromExecutor (/Users/zening/Desktop/card_server/node_modules/bluebird/js/release/promise.js:483:18)
    at new Promise (/Users/zening/Desktop/card_server/node_modules/bluebird/js/release/promise.js:79:10)
    at /Users/zening/Desktop/card_server/node_modules/think_lib/index.js:571:16
    at connect.then.conn (/Users/zening/Desktop/card_server/node_modules/thinkorm_adapter_mysql/lib/index.js:142:20)
    at tryCatcher (/Users/zening/Desktop/card_server/node_modules/bluebird/js/release/util.js:16:23)
    at Promise._settlePromiseFromHandler (/Users/zening/Desktop/card_server/node_modules/bluebird/js/release/promise.js:512:31)
    at Promise._settlePromise (/Users/zening/Desktop/card_server/node_modules/bluebird/js/release/promise.js:569:18)
    at Promise._settlePromiseCtx (/Users/zening/Desktop/card_server/node_modules/bluebird/js/release/promise.js:606:10)
    at Async._drainQueue (/Users/zening/Desktop/card_server/node_modules/bluebird/js/release/async.js:138:12)
    at Async._drainQueues (/Users/zening/Desktop/card_server/node_modules/bluebird/js/release/async.js:143:10)
    at Immediate.Async.drainQueues [as _onImmediate] (/Users/zening/Desktop/card_server/node_modules/bluebird/js/release/async.js:17:14)
    at runCallback (timers.js:789:20)
    at tryOnImmediate (timers.js:751:5)
    at processImmediate [as _immediateCallback] (timers.js:722:5)
[2018-03-03 20:27:19] [ERROR] Error: Cannot enqueue Query after fatal error.
    at Protocol._validateEnqueue (/Users/zening/Desktop/card_server/node_modules/mysql/lib/protocol/Protocol.js:201:16)
    at Protocol._enqueue (/Users/zening/Desktop/card_server/node_modules/mysql/lib/protocol/Protocol.js:139:13)
    at PoolConnection.query (/Users/zening/Desktop/card_server/node_modules/mysql/lib/Connection.js:208:25)
    at /Users/zening/Desktop/card_server/node_modules/think_lib/index.js:572:16
    at Promise._execute (/Users/zening/Desktop/card_server/node_modules/bluebird/js/release/debuggability.js:303:9)
    at Promise._resolveFromExecutor (/Users/zening/Desktop/card_server/node_modules/bluebird/js/release/promise.js:483:18)
    at new Promise (/Users/zening/Desktop/card_server/node_modules/bluebird/js/release/promise.js:79:10)
    at /Users/zening/Desktop/card_server/node_modules/think_lib/index.js:571:16
    at connect.then.conn (/Users/zening/Desktop/card_server/node_modules/thinkorm_adapter_mysql/lib/index.js:142:20)
    at tryCatcher (/Users/zening/Desktop/card_server/node_modules/bluebird/js/release/util.js:16:23)
    at Promise._settlePromiseFromHandler (/Users/zening/Desktop/card_server/node_modules/bluebird/js/release/promise.js:512:31)
    at Promise._settlePromise (/Users/zening/Desktop/card_server/node_modules/bluebird/js/release/promise.js:569:18)
    at Promise._settlePromiseCtx (/Users/zening/Desktop/card_server/node_modules/bluebird/js/release/promise.js:606:10)
    at Async._drainQueue (/Users/zening/Desktop/card_server/node_modules/bluebird/js/release/async.js:138:12)
    at Async._drainQueues (/Users/zening/Desktop/card_server/node_modules/bluebird/js/release/async.js:143:10)
    at Immediate.Async.drainQueues [as _onImmediate] (/Users/zening/Desktop/card_server/node_modules/bluebird/js/release/async.js:17:14)
    at runCallback (timers.js:789:20)
    at tryOnImmediate (timers.js:751:5)
    at processImmediate [as _immediateCallback] (timers.js:722:5)
[2018-03-03 20:27:19] [ERROR]  GET  500  /card/getUserCard  46ms
[2018-03-03 20:46:52] [ERROR] select * from `card` as `card` where `card`.`openid` = 'oWUuo5SrfcpShL6aQuVl6ocyWFdY'
[2018-03-03 20:46:52] [ERROR] Error: Cannot enqueue Query after fatal error.
    at Protocol._validateEnqueue (/Users/zening/Desktop/card_server/node_modules/mysql/lib/protocol/Protocol.js:201:16)
    at Protocol._enqueue (/Users/zening/Desktop/card_server/node_modules/mysql/lib/protocol/Protocol.js:139:13)
    at PoolConnection.query (/Users/zening/Desktop/card_server/node_modules/mysql/lib/Connection.js:208:25)
    at /Users/zening/Desktop/card_server/node_modules/think_lib/index.js:572:16
    at Promise._execute (/Users/zening/Desktop/card_server/node_modules/bluebird/js/release/debuggability.js:303:9)
    at Promise._resolveFromExecutor (/Users/zening/Desktop/card_server/node_modules/bluebird/js/release/promise.js:483:18)
    at new Promise (/Users/zening/Desktop/card_server/node_modules/bluebird/js/release/promise.js:79:10)
    at /Users/zening/Desktop/card_server/node_modules/think_lib/index.js:571:16
    at connect.then.conn (/Users/zening/Desktop/card_server/node_modules/thinkorm_adapter_mysql/lib/index.js:142:20)
    at tryCatcher (/Users/zening/Desktop/card_server/node_modules/bluebird/js/release/util.js:16:23)
    at Promise._settlePromiseFromHandler (/Users/zening/Desktop/card_server/node_modules/bluebird/js/release/promise.js:512:31)
    at Promise._settlePromise (/Users/zening/Desktop/card_server/node_modules/bluebird/js/release/promise.js:569:18)
    at Promise._settlePromiseCtx (/Users/zening/Desktop/card_server/node_modules/bluebird/js/release/promise.js:606:10)
    at Async._drainQueue (/Users/zening/Desktop/card_server/node_modules/bluebird/js/release/async.js:138:12)
    at Async._drainQueues (/Users/zening/Desktop/card_server/node_modules/bluebird/js/release/async.js:143:10)
    at Immediate.Async.drainQueues [as _onImmediate] (/Users/zening/Desktop/card_server/node_modules/bluebird/js/release/async.js:17:14)
    at runCallback (timers.js:789:20)
    at tryOnImmediate (timers.js:751:5)
    at processImmediate [as _immediateCallback] (timers.js:722:5)
[2018-03-03 20:46:52] [ERROR] Error: Cannot enqueue Query after fatal error.
    at Protocol._validateEnqueue (/Users/zening/Desktop/card_server/node_modules/mysql/lib/protocol/Protocol.js:201:16)
    at Protocol._enqueue (/Users/zening/Desktop/card_server/node_modules/mysql/lib/protocol/Protocol.js:139:13)
    at PoolConnection.query (/Users/zening/Desktop/card_server/node_modules/mysql/lib/Connection.js:208:25)
    at /Users/zening/Desktop/card_server/node_modules/think_lib/index.js:572:16
    at Promise._execute (/Users/zening/Desktop/card_server/node_modules/bluebird/js/release/debuggability.js:303:9)
    at Promise._resolveFromExecutor (/Users/zening/Desktop/card_server/node_modules/bluebird/js/release/promise.js:483:18)
    at new Promise (/Users/zening/Desktop/card_server/node_modules/bluebird/js/release/promise.js:79:10)
    at /Users/zening/Desktop/card_server/node_modules/think_lib/index.js:571:16
    at connect.then.conn (/Users/zening/Desktop/card_server/node_modules/thinkorm_adapter_mysql/lib/index.js:142:20)
    at tryCatcher (/Users/zening/Desktop/card_server/node_modules/bluebird/js/release/util.js:16:23)
    at Promise._settlePromiseFromHandler (/Users/zening/Desktop/card_server/node_modules/bluebird/js/release/promise.js:512:31)
    at Promise._settlePromise (/Users/zening/Desktop/card_server/node_modules/bluebird/js/release/promise.js:569:18)
    at Promise._settlePromiseCtx (/Users/zening/Desktop/card_server/node_modules/bluebird/js/release/promise.js:606:10)
    at Async._drainQueue (/Users/zening/Desktop/card_server/node_modules/bluebird/js/release/async.js:138:12)
    at Async._drainQueues (/Users/zening/Desktop/card_server/node_modules/bluebird/js/release/async.js:143:10)
    at Immediate.Async.drainQueues [as _onImmediate] (/Users/zening/Desktop/card_server/node_modules/bluebird/js/release/async.js:17:14)
    at runCallback (timers.js:789:20)
    at tryOnImmediate (timers.js:751:5)
    at processImmediate [as _immediateCallback] (timers.js:722:5)
[2018-03-03 20:46:52] [ERROR]  GET  500  /card/getUserCard  10ms
